[1504310400] LOG ROTATION: DAILY
[1504310400] LOG VERSION: 2.0
[1504310400] CURRENT HOST STATE: ip-10-0-0-123.us-west-2.compute.internal;UP;HARD;1;PING OK - Packet loss = 0%, RTA = 0.25 ms
[1504310400] CURRENT HOST STATE: ip-10-0-0-173.us-west-2.compute.internal;UP;HARD;1;PING OK - Packet loss = 0%, RTA = 0.27 ms
[1504310400] CURRENT HOST STATE: ip-10-0-0-235.us-west-2.compute.internal;UP;HARD;1;PING OK - Packet loss = 0%, RTA = 0.27 ms
[1504310400] CURRENT HOST STATE: ip-10-0-0-254.us-west-2.compute.internal;UP;HARD;1;PING OK - Packet loss = 0%, RTA = 0.26 ms
[1504310400] CURRENT HOST STATE: ip-10-0-0-63.us-west-2.compute.internal;UP;HARD;1;PING OK - Packet loss = 0%, RTA = 0.23 ms
[1504310400] CURRENT HOST STATE: ip-10-0-0-65.us-west-2.compute.internal;UP;HARD;1;PING OK - Packet loss = 0%, RTA = 0.24 ms
[1504310400] CURRENT HOST STATE: ip-10-0-0-85.us-west-2.compute.internal;UP;HARD;1;PING OK - Packet loss = 0%, RTA = 0.25 ms
[1504310400] CURRENT HOST STATE: ip-10-0-1-102.us-west-2.compute.internal;UP;HARD;1;PING OK - Packet loss = 0%, RTA = 0.28 ms
[1504310400] CURRENT HOST STATE: ip-10-0-1-11.us-west-2.compute.internal;UP;HARD;1;PING OK - Packet loss = 0%, RTA = 0.24 ms
[1504310400] CURRENT HOST STATE: ip-10-0-1-136.us-west-2.compute.internal;UP;HARD;1;PING OK - Packet loss = 0%, RTA = 0.32 ms
[1504310400] CURRENT HOST STATE: ip-10-0-1-16.us-west-2.compute.internal;UP;HARD;1;PING OK - Packet loss = 0%, RTA = 0.25 ms
[1504310400] CURRENT HOST STATE: ip-10-0-1-165.us-west-2.compute.internal;UP;HARD;1;PING OK - Packet loss = 0%, RTA = 0.25 ms
[1504310400] CURRENT HOST STATE: ip-10-0-1-47.us-west-2.compute.internal;UP;HARD;1;PING OK - Packet loss = 0%, RTA = 0.30 ms
[1504310400] CURRENT HOST STATE: ip-10-0-1-69.us-west-2.compute.internal;UP;HARD;1;PING OK - Packet loss = 0%, RTA = 0.27 ms
[1504310400] CURRENT HOST STATE: ip-10-0-1-89.us-west-2.compute.internal;UP;HARD;1;PING OK - Packet loss = 0%, RTA = 0.31 ms
[1504310400] CURRENT HOST STATE: ip-10-0-2-167.us-west-2.compute.internal;UP;HARD;1;PING OK - Packet loss = 0%, RTA = 0.24 ms
[1504310400] CURRENT HOST STATE: ip-10-0-2-193.us-west-2.compute.internal;UP;HARD;1;PING OK - Packet loss = 0%, RTA = 0.30 ms
[1504310400] CURRENT HOST STATE: ip-10-0-2-46.us-west-2.compute.internal;UP;HARD;1;PING OK - Packet loss = 0%, RTA = 0.25 ms
[1504310400] CURRENT HOST STATE: ip-10-0-2-5.us-west-2.compute.internal;UP;HARD;1;PING OK - Packet loss = 0%, RTA = 0.23 ms
[1504310400] CURRENT HOST STATE: ip-10-0-2-86.us-west-2.compute.internal;UP;HARD;1;PING OK - Packet loss = 0%, RTA = 0.23 ms
[1504310400] CURRENT HOST STATE: ip-10-0-3-196.us-west-2.compute.internal;UP;HARD;1;PING OK - Packet loss = 0%, RTA = 1.89 ms
[1504310400] CURRENT HOST STATE: ip-10-0-3-26.us-west-2.compute.internal;UP;HARD;1;PING OK - Packet loss = 0%, RTA = 0.29 ms
[1504310400] CURRENT HOST STATE: ip-10-0-3-44.us-west-2.compute.internal;UP;HARD;1;PING OK - Packet loss = 0%, RTA = 0.24 ms
[1504310400] CURRENT HOST STATE: ip-10-0-3-54.us-west-2.compute.internal;UP;HARD;1;PING OK - Packet loss = 0%, RTA = 0.27 ms
[1504310400] CURRENT HOST STATE: ip-10-0-3-56.us-west-2.compute.internal;UP;HARD;1;PING OK - Packet loss = 0%, RTA = 0.25 ms
[1504310400] CURRENT HOST STATE: ip-10-0-3-94.us-west-2.compute.internal;UP;HARD;1;PING OK - Packet loss = 0%, RTA = 0.28 ms
[1504310400] CURRENT HOST STATE: ip-10-0-4-98.us-west-2.compute.internal;UP;HARD;1;PING OK - Packet loss = 0%, RTA = 0.25 ms
[1504310400] CURRENT HOST STATE: ip-10-0-5-128.us-west-2.compute.internal;UP;HARD;1;PING OK - Packet loss = 0%, RTA = 0.28 ms
[1504310400] CURRENT HOST STATE: ip-10-0-5-3.us-west-2.compute.internal;UP;HARD;1;PING OK - Packet loss = 0%, RTA = 0.21 ms
[1504310400] CURRENT HOST STATE: ip-10-0-7-103.us-west-2.compute.internal;UP;HARD;1;PING OK - Packet loss = 0%, RTA = 0.25 ms
[1504310400] CURRENT HOST STATE: ip-10-0-7-149.us-west-2.compute.internal;UP;HARD;1;PING OK - Packet loss = 0%, RTA = 0.26 ms
[1504310400] CURRENT HOST STATE: localhost;UP;HARD;1;PING OK - Packet loss = 0%, RTA = 0.03 ms
[1504310400] CURRENT SERVICE STATE: ip-10-0-0-123.us-west-2.compute.internal;Check SSH;OK;HARD;1;SSH OK - OpenSSH_7.3 (protocol 2.0)
[1504310400] CURRENT SERVICE STATE: ip-10-0-0-123.us-west-2.compute.internal;Check Users;OK;HARD;1;USERS OK - 0 users currently logged in
[1504310400] CURRENT SERVICE STATE: ip-10-0-0-123.us-west-2.compute.internal;Check load;OK;HARD;1;OK - load average: 0.00, 0.00, 0.00
[1504310400] CURRENT SERVICE STATE: ip-10-0-0-123.us-west-2.compute.internal;Local Disk;OK;HARD;1;DISK OK - free space: / 96201 MB (96% inode=98%):
[1504310400] CURRENT SERVICE STATE: ip-10-0-0-123.us-west-2.compute.internal;PING;OK;HARD;1;PING OK - Packet loss = 0%, RTA = 0.26 ms
[1504310400] CURRENT SERVICE STATE: ip-10-0-0-123.us-west-2.compute.internal;Total Process;OK;HARD;1;PROCS OK: 77 processes with STATE = RSZDT
[1504310400] CURRENT SERVICE STATE: ip-10-0-0-173.us-west-2.compute.internal;Check SSH;OK;HARD;1;SSH OK - OpenSSH_7.3 (protocol 2.0)
[1504310400] CURRENT SERVICE STATE: ip-10-0-0-173.us-west-2.compute.internal;Check Users;OK;HARD;1;USERS OK - 0 users currently logged in
[1504310400] CURRENT SERVICE STATE: ip-10-0-0-173.us-west-2.compute.internal;Check load;OK;HARD;1;OK - load average: 0.00, 0.00, 0.00
[1504310400] CURRENT SERVICE STATE: ip-10-0-0-173.us-west-2.compute.internal;Local Disk;OK;HARD;1;DISK OK - free space: / 96201 MB (96% inode=98%):
[1504310400] CURRENT SERVICE STATE: ip-10-0-0-173.us-west-2.compute.internal;PING;OK;HARD;1;PING OK - Packet loss = 0%, RTA = 0.27 ms
[1504310400] CURRENT SERVICE STATE: ip-10-0-0-173.us-west-2.compute.internal;Total Process;OK;HARD;1;PROCS OK: 76 processes with STATE = RSZDT
[1504310400] CURRENT SERVICE STATE: ip-10-0-0-235.us-west-2.compute.internal;Check SSH;OK;HARD;1;SSH OK - OpenSSH_7.3 (protocol 2.0)
[1504310400] CURRENT SERVICE STATE: ip-10-0-0-235.us-west-2.compute.internal;Check Users;OK;HARD;1;USERS OK - 0 users currently logged in
[1504310400] CURRENT SERVICE STATE: ip-10-0-0-235.us-west-2.compute.internal;Check load;OK;HARD;1;OK - load average: 0.00, 0.00, 0.00
[1504310400] CURRENT SERVICE STATE: ip-10-0-0-235.us-west-2.compute.internal;Local Disk;OK;HARD;1;DISK OK - free space: / 96201 MB (96% inode=98%):
[1504310400] CURRENT SERVICE STATE: ip-10-0-0-235.us-west-2.compute.internal;PING;OK;HARD;1;PING OK - Packet loss = 0%, RTA = 0.25 ms
[1504310400] CURRENT SERVICE STATE: ip-10-0-0-235.us-west-2.compute.internal;Total Process;OK;HARD;1;PROCS OK: 76 processes with STATE = RSZDT
[1504310400] CURRENT SERVICE STATE: ip-10-0-0-254.us-west-2.compute.internal;Check SSH;OK;HARD;1;SSH OK - OpenSSH_7.3 (protocol 2.0)
[1504310400] CURRENT SERVICE STATE: ip-10-0-0-254.us-west-2.compute.internal;Check Users;OK;HARD;1;USERS OK - 0 users currently logged in
[1504310400] CURRENT SERVICE STATE: ip-10-0-0-254.us-west-2.compute.internal;Check load;OK;HARD;1;OK - load average: 0.00, 0.00, 0.00
[1504310400] CURRENT SERVICE STATE: ip-10-0-0-254.us-west-2.compute.internal;Local Disk;OK;HARD;1;DISK OK - free space: / 96201 MB (96% inode=98%):
[1504310400] CURRENT SERVICE STATE: ip-10-0-0-254.us-west-2.compute.internal;PING;OK;HARD;1;PING OK - Packet loss = 0%, RTA = 0.25 ms
[1504310400] CURRENT SERVICE STATE: ip-10-0-0-254.us-west-2.compute.internal;Total Process;OK;HARD;1;PROCS OK: 76 processes with STATE = RSZDT
[1504310400] CURRENT SERVICE STATE: ip-10-0-0-63.us-west-2.compute.internal;Check SSH;OK;HARD;1;SSH OK - OpenSSH_7.3 (protocol 2.0)
[1504310400] CURRENT SERVICE STATE: ip-10-0-0-63.us-west-2.compute.internal;Check Users;OK;HARD;1;USERS OK - 0 users currently logged in
[1504310400] CURRENT SERVICE STATE: ip-10-0-0-63.us-west-2.compute.internal;Check load;OK;HARD;1;OK - load average: 0.00, 0.00, 0.00
[1504310400] CURRENT SERVICE STATE: ip-10-0-0-63.us-west-2.compute.internal;Local Disk;OK;HARD;1;DISK OK - free space: / 96201 MB (96% inode=98%):
[1504310400] CURRENT SERVICE STATE: ip-10-0-0-63.us-west-2.compute.internal;PING;OK;HARD;1;PING OK - Packet loss = 0%, RTA = 0.24 ms
[1504310400] CURRENT SERVICE STATE: ip-10-0-0-63.us-west-2.compute.internal;Total Process;OK;HARD;1;PROCS OK: 76 processes with STATE = RSZDT
[1504310400] CURRENT SERVICE STATE: ip-10-0-0-65.us-west-2.compute.internal;Check SSH;OK;HARD;1;SSH OK - OpenSSH_7.3 (protocol 2.0)
[1504310400] CURRENT SERVICE STATE: ip-10-0-0-65.us-west-2.compute.internal;Check Users;OK;HARD;1;USERS OK - 0 users currently logged in
[1504310400] CURRENT SERVICE STATE: ip-10-0-0-65.us-west-2.compute.internal;Check load;OK;HARD;1;OK - load average: 0.00, 0.00, 0.00
[1504310400] CURRENT SERVICE STATE: ip-10-0-0-65.us-west-2.compute.internal;Local Disk;OK;HARD;1;DISK OK - free space: / 96201 MB (96% inode=98%):
[1504310400] CURRENT SERVICE STATE: ip-10-0-0-65.us-west-2.compute.internal;PING;OK;HARD;1;PING OK - Packet loss = 0%, RTA = 0.26 ms
[1504310400] CURRENT SERVICE STATE: ip-10-0-0-65.us-west-2.compute.internal;Total Process;OK;HARD;1;PROCS OK: 76 processes with STATE = RSZDT
[1504310400] CURRENT SERVICE STATE: ip-10-0-0-85.us-west-2.compute.internal;Check SSH;OK;HARD;1;SSH OK - OpenSSH_7.3 (protocol 2.0)
[1504310400] CURRENT SERVICE STATE: ip-10-0-0-85.us-west-2.compute.internal;Check Users;OK;HARD;1;USERS OK - 0 users currently logged in
[1504310400] CURRENT SERVICE STATE: ip-10-0-0-85.us-west-2.compute.internal;Check load;OK;HARD;1;OK - load average: 0.00, 0.00, 0.00
[1504310400] CURRENT SERVICE STATE: ip-10-0-0-85.us-west-2.compute.internal;Local Disk;OK;HARD;1;DISK OK - free space: / 96201 MB (96% inode=98%):
[1504310400] CURRENT SERVICE STATE: ip-10-0-0-85.us-west-2.compute.internal;PING;OK;HARD;1;PING OK - Packet loss = 0%, RTA = 0.25 ms
[1504310400] CURRENT SERVICE STATE: ip-10-0-0-85.us-west-2.compute.internal;Total Process;OK;HARD;1;PROCS OK: 76 processes with STATE = RSZDT
[1504310400] CURRENT SERVICE STATE: ip-10-0-1-102.us-west-2.compute.internal;Check SSH;OK;HARD;1;SSH OK - OpenSSH_7.3 (protocol 2.0)
[1504310400] CURRENT SERVICE STATE: ip-10-0-1-102.us-west-2.compute.internal;Check Users;OK;HARD;1;USERS OK - 0 users currently logged in
[1504310400] CURRENT SERVICE STATE: ip-10-0-1-102.us-west-2.compute.internal;Check load;OK;HARD;1;OK - load average: 0.00, 0.00, 0.00
[1504310400] CURRENT SERVICE STATE: ip-10-0-1-102.us-west-2.compute.internal;Local Disk;OK;HARD;1;DISK OK - free space: / 96201 MB (96% inode=98%):
[1504310400] CURRENT SERVICE STATE: ip-10-0-1-102.us-west-2.compute.internal;PING;OK;HARD;1;PING OK - Packet loss = 0%, RTA = 0.29 ms
[1504310400] CURRENT SERVICE STATE: ip-10-0-1-102.us-west-2.compute.internal;Total Process;OK;HARD;1;PROCS OK: 78 processes with STATE = RSZDT
[1504310400] CURRENT SERVICE STATE: ip-10-0-1-11.us-west-2.compute.internal;Check SSH;OK;HARD;1;SSH OK - OpenSSH_7.3 (protocol 2.0)
[1504310400] CURRENT SERVICE STATE: ip-10-0-1-11.us-west-2.compute.internal;Check Users;OK;HARD;1;USERS OK - 0 users currently logged in
[1504310400] CURRENT SERVICE STATE: ip-10-0-1-11.us-west-2.compute.internal;Check load;OK;HARD;1;OK - load average: 0.00, 0.00, 0.00
[1504310400] CURRENT SERVICE STATE: ip-10-0-1-11.us-west-2.compute.internal;Local Disk;OK;HARD;1;DISK OK - free space: / 96201 MB (96% inode=98%):
[1504310400] CURRENT SERVICE STATE: ip-10-0-1-11.us-west-2.compute.internal;PING;OK;HARD;1;PING OK - Packet loss = 0%, RTA = 0.22 ms
[1504310400] CURRENT SERVICE STATE: ip-10-0-1-11.us-west-2.compute.internal;Total Process;OK;HARD;1;PROCS OK: 84 processes with STATE = RSZDT
[1504310400] CURRENT SERVICE STATE: ip-10-0-1-136.us-west-2.compute.internal;Check SSH;OK;HARD;1;SSH OK - OpenSSH_7.3 (protocol 2.0)
[1504310400] CURRENT SERVICE STATE: ip-10-0-1-136.us-west-2.compute.internal;Check Users;OK;HARD;1;USERS OK - 0 users currently logged in
[1504310400] CURRENT SERVICE STATE: ip-10-0-1-136.us-west-2.compute.internal;Check load;OK;HARD;1;OK - load average: 0.00, 0.00, 0.00
[1504310400] CURRENT SERVICE STATE: ip-10-0-1-136.us-west-2.compute.internal;Local Disk;OK;HARD;1;DISK OK - free space: / 96201 MB (96% inode=98%):
[1504310400] CURRENT SERVICE STATE: ip-10-0-1-136.us-west-2.compute.internal;PING;OK;HARD;1;PING OK - Packet loss = 0%, RTA = 0.29 ms
[1504310400] CURRENT SERVICE STATE: ip-10-0-1-136.us-west-2.compute.internal;Total Process;OK;HARD;1;PROCS OK: 78 processes with STATE = RSZDT
[1504310400] CURRENT SERVICE STATE: ip-10-0-1-16.us-west-2.compute.internal;Check SSH;OK;HARD;1;SSH OK - OpenSSH_7.3 (protocol 2.0)
[1504310400] CURRENT SERVICE STATE: ip-10-0-1-16.us-west-2.compute.internal;Check Users;OK;HARD;1;USERS OK - 0 users currently logged in
[1504310400] CURRENT SERVICE STATE: ip-10-0-1-16.us-west-2.compute.internal;Check load;OK;HARD;1;OK - load average: 0.00, 0.00, 0.00
[1504310400] CURRENT SERVICE STATE: ip-10-0-1-16.us-west-2.compute.internal;Local Disk;OK;HARD;1;DISK OK - free space: / 96201 MB (96% inode=98%):
[1504310400] CURRENT SERVICE STATE: ip-10-0-1-16.us-west-2.compute.internal;PING;OK;HARD;1;PING OK - Packet loss = 0%, RTA = 0.29 ms
[1504310400] CURRENT SERVICE STATE: ip-10-0-1-16.us-west-2.compute.internal;Total Process;OK;HARD;1;PROCS OK: 76 processes with STATE = RSZDT
[1504310400] CURRENT SERVICE STATE: ip-10-0-1-165.us-west-2.compute.internal;Check SSH;OK;HARD;1;SSH OK - OpenSSH_7.3 (protocol 2.0)
[1504310400] CURRENT SERVICE STATE: ip-10-0-1-165.us-west-2.compute.internal;Check Users;OK;HARD;1;USERS OK - 0 users currently logged in
[1504310400] CURRENT SERVICE STATE: ip-10-0-1-165.us-west-2.compute.internal;Check load;OK;HARD;1;OK - load average: 0.00, 0.00, 0.00
[1504310400] CURRENT SERVICE STATE: ip-10-0-1-165.us-west-2.compute.internal;Local Disk;OK;HARD;1;DISK OK - free space: / 96201 MB (96% inode=98%):
[1504310400] CURRENT SERVICE STATE: ip-10-0-1-165.us-west-2.compute.internal;PING;OK;HARD;1;PING OK - Packet loss = 0%, RTA = 0.28 ms
[1504310400] CURRENT SERVICE STATE: ip-10-0-1-165.us-west-2.compute.internal;Total Process;OK;HARD;1;PROCS OK: 77 processes with STATE = RSZDT
[1504310400] CURRENT SERVICE STATE: ip-10-0-1-47.us-west-2.compute.internal;Check SSH;OK;HARD;1;SSH OK - OpenSSH_7.3 (protocol 2.0)
[1504310400] CURRENT SERVICE STATE: ip-10-0-1-47.us-west-2.compute.internal;Check Users;OK;HARD;1;USERS OK - 0 users currently logged in
[1504310400] CURRENT SERVICE STATE: ip-10-0-1-47.us-west-2.compute.internal;Check load;OK;HARD;1;OK - load average: 0.00, 0.00, 0.00
[1504310400] CURRENT SERVICE STATE: ip-10-0-1-47.us-west-2.compute.internal;Local Disk;OK;HARD;1;DISK OK - free space: / 96201 MB (96% inode=98%):
[1504310400] CURRENT SERVICE STATE: ip-10-0-1-47.us-west-2.compute.internal;PING;OK;HARD;1;PING OK - Packet loss = 0%, RTA = 0.22 ms
[1504310400] CURRENT SERVICE STATE: ip-10-0-1-47.us-west-2.compute.internal;Total Process;OK;HARD;1;PROCS OK: 78 processes with STATE = RSZDT
[1504310400] CURRENT SERVICE STATE: ip-10-0-1-69.us-west-2.compute.internal;Check SSH;OK;HARD;1;SSH OK - OpenSSH_7.3 (protocol 2.0)
[1504310400] CURRENT SERVICE STATE: ip-10-0-1-69.us-west-2.compute.internal;Check Users;OK;HARD;1;USERS OK - 0 users currently logged in
[1504310400] CURRENT SERVICE STATE: ip-10-0-1-69.us-west-2.compute.internal;Check load;OK;HARD;1;OK - load average: 0.00, 0.00, 0.00
[1504310400] CURRENT SERVICE STATE: ip-10-0-1-69.us-west-2.compute.internal;Local Disk;OK;HARD;1;DISK OK - free space: / 96201 MB (96% inode=98%):
[1504310400] CURRENT SERVICE STATE: ip-10-0-1-69.us-west-2.compute.internal;PING;OK;HARD;1;PING OK - Packet loss = 0%, RTA = 0.27 ms
[1504310400] CURRENT SERVICE STATE: ip-10-0-1-69.us-west-2.compute.internal;Total Process;OK;HARD;1;PROCS OK: 76 processes with STATE = RSZDT
[1504310400] CURRENT SERVICE STATE: ip-10-0-1-89.us-west-2.compute.internal;Check SSH;OK;HARD;1;SSH OK - OpenSSH_7.3 (protocol 2.0)
[1504310400] CURRENT SERVICE STATE: ip-10-0-1-89.us-west-2.compute.internal;Check Users;OK;HARD;1;USERS OK - 0 users currently logged in
[1504310400] CURRENT SERVICE STATE: ip-10-0-1-89.us-west-2.compute.internal;Check load;OK;HARD;1;OK - load average: 0.00, 0.00, 0.00
[1504310400] CURRENT SERVICE STATE: ip-10-0-1-89.us-west-2.compute.internal;Local Disk;OK;HARD;1;DISK OK - free space: / 96201 MB (96% inode=98%):
[1504310400] CURRENT SERVICE STATE: ip-10-0-1-89.us-west-2.compute.internal;PING;OK;HARD;1;PING OK - Packet loss = 0%, RTA = 0.29 ms
[1504310400] CURRENT SERVICE STATE: ip-10-0-1-89.us-west-2.compute.internal;Total Process;OK;HARD;1;PROCS OK: 90 processes with STATE = RSZDT
[1504310400] CURRENT SERVICE STATE: ip-10-0-2-167.us-west-2.compute.internal;Check SSH;OK;HARD;1;SSH OK - OpenSSH_7.3 (protocol 2.0)
[1504310400] CURRENT SERVICE STATE: ip-10-0-2-167.us-west-2.compute.internal;Check Users;OK;HARD;1;USERS OK - 0 users currently logged in
[1504310400] CURRENT SERVICE STATE: ip-10-0-2-167.us-west-2.compute.internal;Check load;OK;HARD;1;OK - load average: 0.00, 0.00, 0.00
[1504310400] CURRENT SERVICE STATE: ip-10-0-2-167.us-west-2.compute.internal;Local Disk;OK;HARD;1;DISK OK - free space: / 96201 MB (96% inode=98%):
[1504310400] CURRENT SERVICE STATE: ip-10-0-2-167.us-west-2.compute.internal;PING;OK;HARD;1;PING OK - Packet loss = 0%, RTA = 0.28 ms
[1504310400] CURRENT SERVICE STATE: ip-10-0-2-167.us-west-2.compute.internal;Total Process;OK;HARD;1;PROCS OK: 77 processes with STATE = RSZDT
[1504310400] CURRENT SERVICE STATE: ip-10-0-2-193.us-west-2.compute.internal;Check SSH;OK;HARD;1;SSH OK - OpenSSH_7.3 (protocol 2.0)
[1504310400] CURRENT SERVICE STATE: ip-10-0-2-193.us-west-2.compute.internal;Check Users;OK;HARD;1;USERS OK - 0 users currently logged in
[1504310400] CURRENT SERVICE STATE: ip-10-0-2-193.us-west-2.compute.internal;Check load;OK;HARD;1;OK - load average: 0.00, 0.00, 0.00
[1504310400] CURRENT SERVICE STATE: ip-10-0-2-193.us-west-2.compute.internal;Local Disk;OK;HARD;1;DISK OK - free space: / 96201 MB (96% inode=98%):
[1504310400] CURRENT SERVICE STATE: ip-10-0-2-193.us-west-2.compute.internal;PING;OK;HARD;1;PING OK - Packet loss = 0%, RTA = 0.28 ms
[1504310400] CURRENT SERVICE STATE: ip-10-0-2-193.us-west-2.compute.internal;Total Process;OK;HARD;1;PROCS OK: 76 processes with STATE = RSZDT
[1504310400] CURRENT SERVICE STATE: ip-10-0-2-46.us-west-2.compute.internal;Check SSH;OK;HARD;1;SSH OK - OpenSSH_7.3 (protocol 2.0)
[1504310400] CURRENT SERVICE STATE: ip-10-0-2-46.us-west-2.compute.internal;Check Users;OK;HARD;1;USERS OK - 0 users currently logged in
[1504310400] CURRENT SERVICE STATE: ip-10-0-2-46.us-west-2.compute.internal;Check load;OK;HARD;1;OK - load average: 0.00, 0.00, 0.00
[1504310400] CURRENT SERVICE STATE: ip-10-0-2-46.us-west-2.compute.internal;Local Disk;OK;HARD;1;DISK OK - free space: / 96201 MB (96% inode=98%):
[1504310400] CURRENT SERVICE STATE: ip-10-0-2-46.us-west-2.compute.internal;PING;OK;HARD;1;PING OK - Packet loss = 0%, RTA = 0.26 ms
[1504310400] CURRENT SERVICE STATE: ip-10-0-2-46.us-west-2.compute.internal;Total Process;OK;HARD;1;PROCS OK: 96 processes with STATE = RSZDT
[1504310400] CURRENT SERVICE STATE: ip-10-0-2-5.us-west-2.compute.internal;Check SSH;OK;HARD;1;SSH OK - OpenSSH_7.3 (protocol 2.0)
[1504310400] CURRENT SERVICE STATE: ip-10-0-2-5.us-west-2.compute.internal;Check Users;OK;HARD;1;USERS OK - 0 users currently logged in
[1504310400] CURRENT SERVICE STATE: ip-10-0-2-5.us-west-2.compute.internal;Check load;OK;HARD;1;OK - load average: 0.00, 0.00, 0.00
[1504310400] CURRENT SERVICE STATE: ip-10-0-2-5.us-west-2.compute.internal;Local Disk;OK;HARD;1;DISK OK - free space: / 96201 MB (96% inode=98%):
[1504310400] CURRENT SERVICE STATE: ip-10-0-2-5.us-west-2.compute.internal;PING;OK;HARD;1;PING OK - Packet loss = 0%, RTA = 0.25 ms
[1504310400] CURRENT SERVICE STATE: ip-10-0-2-5.us-west-2.compute.internal;Total Process;OK;HARD;1;PROCS OK: 78 processes with STATE = RSZDT
[1504310400] CURRENT SERVICE STATE: ip-10-0-2-86.us-west-2.compute.internal;Check SSH;OK;HARD;1;SSH OK - OpenSSH_7.3 (protocol 2.0)
[1504310400] CURRENT SERVICE STATE: ip-10-0-2-86.us-west-2.compute.internal;Check Users;OK;HARD;1;USERS OK - 0 users currently logged in
[1504310400] CURRENT SERVICE STATE: ip-10-0-2-86.us-west-2.compute.internal;Check load;OK;HARD;1;OK - load average: 0.00, 0.00, 0.00
[1504310400] CURRENT SERVICE STATE: ip-10-0-2-86.us-west-2.compute.internal;Local Disk;OK;HARD;1;DISK OK - free space: / 96201 MB (96% inode=98%):
[1504310400] CURRENT SERVICE STATE: ip-10-0-2-86.us-west-2.compute.internal;PING;OK;HARD;1;PING OK - Packet loss = 0%, RTA = 0.24 ms
[1504310400] CURRENT SERVICE STATE: ip-10-0-2-86.us-west-2.compute.internal;Total Process;OK;HARD;1;PROCS OK: 80 processes with STATE = RSZDT
[1504310400] CURRENT SERVICE STATE: ip-10-0-3-196.us-west-2.compute.internal;Check SSH;OK;HARD;1;SSH OK - OpenSSH_7.3 (protocol 2.0)
[1504310400] CURRENT SERVICE STATE: ip-10-0-3-196.us-west-2.compute.internal;Check Users;OK;HARD;1;USERS OK - 0 users currently logged in
[1504310400] CURRENT SERVICE STATE: ip-10-0-3-196.us-west-2.compute.internal;Check load;OK;HARD;1;OK - load average: 0.00, 0.00, 0.00
[1504310400] CURRENT SERVICE STATE: ip-10-0-3-196.us-west-2.compute.internal;Local Disk;OK;HARD;1;DISK OK - free space: / 96201 MB (96% inode=98%):
[1504310400] CURRENT SERVICE STATE: ip-10-0-3-196.us-west-2.compute.internal;PING;OK;HARD;1;PING OK - Packet loss = 0%, RTA = 1.84 ms
[1504310400] CURRENT SERVICE STATE: ip-10-0-3-196.us-west-2.compute.internal;Total Process;OK;HARD;1;PROCS OK: 78 processes with STATE = RSZDT
[1504310400] CURRENT SERVICE STATE: ip-10-0-3-26.us-west-2.compute.internal;Check SSH;OK;HARD;1;SSH OK - OpenSSH_7.3 (protocol 2.0)
[1504310400] CURRENT SERVICE STATE: ip-10-0-3-26.us-west-2.compute.internal;Check Users;OK;HARD;1;USERS OK - 0 users currently logged in
[1504310400] CURRENT SERVICE STATE: ip-10-0-3-26.us-west-2.compute.internal;Check load;OK;HARD;1;OK - load average: 0.00, 0.00, 0.00
[1504310400] CURRENT SERVICE STATE: ip-10-0-3-26.us-west-2.compute.internal;Local Disk;OK;HARD;1;DISK OK - free space: / 96201 MB (96% inode=98%):
[1504310400] CURRENT SERVICE STATE: ip-10-0-3-26.us-west-2.compute.internal;PING;OK;HARD;1;PING OK - Packet loss = 0%, RTA = 0.27 ms
[1504310400] CURRENT SERVICE STATE: ip-10-0-3-26.us-west-2.compute.internal;Total Process;OK;HARD;1;PROCS OK: 77 processes with STATE = RSZDT
[1504310400] CURRENT SERVICE STATE: ip-10-0-3-44.us-west-2.compute.internal;Check SSH;OK;HARD;1;SSH OK - OpenSSH_7.3 (protocol 2.0)
[1504310400] CURRENT SERVICE STATE: ip-10-0-3-44.us-west-2.compute.internal;Check Users;OK;HARD;1;USERS OK - 0 users currently logged in
[1504310400] CURRENT SERVICE STATE: ip-10-0-3-44.us-west-2.compute.internal;Check load;OK;HARD;1;OK - load average: 0.00, 0.00, 0.00
[1504310400] CURRENT SERVICE STATE: ip-10-0-3-44.us-west-2.compute.internal;Local Disk;OK;HARD;1;DISK OK - free space: / 96201 MB (96% inode=98%):
[1504310400] CURRENT SERVICE STATE: ip-10-0-3-44.us-west-2.compute.internal;PING;OK;HARD;1;PING OK - Packet loss = 0%, RTA = 0.27 ms
[1504310400] CURRENT SERVICE STATE: ip-10-0-3-44.us-west-2.compute.internal;Total Process;OK;HARD;1;PROCS OK: 76 processes with STATE = RSZDT
[1504310400] CURRENT SERVICE STATE: ip-10-0-3-54.us-west-2.compute.internal;Check SSH;OK;HARD;1;SSH OK - OpenSSH_7.3 (protocol 2.0)
[1504310400] CURRENT SERVICE STATE: ip-10-0-3-54.us-west-2.compute.internal;Check Users;OK;HARD;1;USERS OK - 0 users currently logged in
[1504310400] CURRENT SERVICE STATE: ip-10-0-3-54.us-west-2.compute.internal;Check load;OK;HARD;1;OK - load average: 0.00, 0.00, 0.00
[1504310400] CURRENT SERVICE STATE: ip-10-0-3-54.us-west-2.compute.internal;Local Disk;OK;HARD;1;DISK OK - free space: / 96201 MB (96% inode=98%):
[1504310400] CURRENT SERVICE STATE: ip-10-0-3-54.us-west-2.compute.internal;PING;OK;HARD;1;PING OK - Packet loss = 0%, RTA = 0.27 ms
[1504310400] CURRENT SERVICE STATE: ip-10-0-3-54.us-west-2.compute.internal;Total Process;OK;HARD;1;PROCS OK: 76 processes with STATE = RSZDT
[1504310400] CURRENT SERVICE STATE: ip-10-0-3-56.us-west-2.compute.internal;Check SSH;OK;HARD;1;SSH OK - OpenSSH_7.3 (protocol 2.0)
[1504310400] CURRENT SERVICE STATE: ip-10-0-3-56.us-west-2.compute.internal;Check Users;OK;HARD;1;USERS OK - 0 users currently logged in
[1504310400] CURRENT SERVICE STATE: ip-10-0-3-56.us-west-2.compute.internal;Check load;OK;HARD;1;OK - load average: 0.00, 0.00, 0.00
[1504310400] CURRENT SERVICE STATE: ip-10-0-3-56.us-west-2.compute.internal;Local Disk;OK;HARD;1;DISK OK - free space: / 96201 MB (96% inode=98%):
[1504310400] CURRENT SERVICE STATE: ip-10-0-3-56.us-west-2.compute.internal;PING;OK;HARD;1;PING OK - Packet loss = 0%, RTA = 0.28 ms
[1504310400] CURRENT SERVICE STATE: ip-10-0-3-56.us-west-2.compute.internal;Total Process;OK;HARD;1;PROCS OK: 78 processes with STATE = RSZDT
[1504310400] CURRENT SERVICE STATE: ip-10-0-3-94.us-west-2.compute.internal;Check SSH;OK;HARD;1;SSH OK - OpenSSH_7.3 (protocol 2.0)
[1504310400] CURRENT SERVICE STATE: ip-10-0-3-94.us-west-2.compute.internal;Check Users;OK;HARD;1;USERS OK - 0 users currently logged in
[1504310400] CURRENT SERVICE STATE: ip-10-0-3-94.us-west-2.compute.internal;Check load;OK;HARD;1;OK - load average: 0.00, 0.00, 0.00
[1504310400] CURRENT SERVICE STATE: ip-10-0-3-94.us-west-2.compute.internal;Local Disk;OK;HARD;1;DISK OK - free space: / 96201 MB (96% inode=98%):
[1504310400] CURRENT SERVICE STATE: ip-10-0-3-94.us-west-2.compute.internal;PING;OK;HARD;1;PING OK - Packet loss = 0%, RTA = 0.23 ms
[1504310400] CURRENT SERVICE STATE: ip-10-0-3-94.us-west-2.compute.internal;Total Process;OK;HARD;1;PROCS OK: 96 processes with STATE = RSZDT
[1504310400] CURRENT SERVICE STATE: ip-10-0-4-98.us-west-2.compute.internal;Check SSH;OK;HARD;1;SSH OK - OpenSSH_7.3 (protocol 2.0)
[1504310400] CURRENT SERVICE STATE: ip-10-0-4-98.us-west-2.compute.internal;Check Users;OK;HARD;1;USERS OK - 0 users currently logged in
[1504310400] CURRENT SERVICE STATE: ip-10-0-4-98.us-west-2.compute.internal;Local Disk;OK;HARD;1;DISK OK - free space: / 96201 MB (96% inode=98%):
[1504310400] CURRENT SERVICE STATE: ip-10-0-4-98.us-west-2.compute.internal;PING;OK;HARD;1;PING OK - Packet loss = 0%, RTA = 0.23 ms
[1504310400] CURRENT SERVICE STATE: ip-10-0-4-98.us-west-2.compute.internal;Total Process;OK;HARD;1;PROCS OK: 77 processes with STATE = RSZDT
[1504310400] CURRENT SERVICE STATE: ip-10-0-5-128.us-west-2.compute.internal;Check SSH;OK;HARD;1;SSH OK - OpenSSH_7.3 (protocol 2.0)
[1504310400] CURRENT SERVICE STATE: ip-10-0-5-128.us-west-2.compute.internal;Check Users;OK;HARD;1;USERS OK - 0 users currently logged in
[1504310400] CURRENT SERVICE STATE: ip-10-0-5-128.us-west-2.compute.internal;Check load;OK;HARD;1;OK - load average: 0.00, 0.00, 0.00
[1504310400] CURRENT SERVICE STATE: ip-10-0-5-128.us-west-2.compute.internal;Local Disk;OK;HARD;1;DISK OK - free space: / 96201 MB (96% inode=98%):
[1504310400] CURRENT SERVICE STATE: ip-10-0-5-128.us-west-2.compute.internal;PING;OK;HARD;1;PING OK - Packet loss = 0%, RTA = 0.24 ms
[1504310400] CURRENT SERVICE STATE: ip-10-0-5-128.us-west-2.compute.internal;Total Process;OK;HARD;1;PROCS OK: 90 processes with STATE = RSZDT
[1504310400] CURRENT SERVICE STATE: ip-10-0-5-3.us-west-2.compute.internal;Check SSH;OK;HARD;1;SSH OK - OpenSSH_7.3 (protocol 2.0)
[1504310400] CURRENT SERVICE STATE: ip-10-0-5-3.us-west-2.compute.internal;Check Users;OK;HARD;1;USERS OK - 0 users currently logged in
[1504310400] CURRENT SERVICE STATE: ip-10-0-5-3.us-west-2.compute.internal;Local Disk;OK;HARD;1;DISK OK - free space: / 96201 MB (96% inode=98%):
[1504310400] CURRENT SERVICE STATE: ip-10-0-5-3.us-west-2.compute.internal;PING;OK;HARD;1;PING OK - Packet loss = 0%, RTA = 0.21 ms
[1504310400] CURRENT SERVICE STATE: ip-10-0-5-3.us-west-2.compute.internal;Total Process;OK;HARD;1;PROCS OK: 80 processes with STATE = RSZDT
[1504310400] CURRENT SERVICE STATE: ip-10-0-7-103.us-west-2.compute.internal;Check SSH;OK;HARD;1;SSH OK - OpenSSH_7.3 (protocol 2.0)
[1504310400] CURRENT SERVICE STATE: ip-10-0-7-103.us-west-2.compute.internal;Check Users;OK;HARD;1;USERS OK - 0 users currently logged in
[1504310400] CURRENT SERVICE STATE: ip-10-0-7-103.us-west-2.compute.internal;Local Disk;OK;HARD;1;DISK OK - free space: / 96201 MB (96% inode=98%):
[1504310400] CURRENT SERVICE STATE: ip-10-0-7-103.us-west-2.compute.internal;PING;OK;HARD;1;PING OK - Packet loss = 0%, RTA = 0.25 ms
[1504310400] CURRENT SERVICE STATE: ip-10-0-7-103.us-west-2.compute.internal;Total Process;OK;HARD;1;PROCS OK: 80 processes with STATE = RSZDT
[1504310400] CURRENT SERVICE STATE: ip-10-0-7-149.us-west-2.compute.internal;Check SSH;OK;HARD;1;SSH OK - OpenSSH_7.3 (protocol 2.0)
[1504310400] CURRENT SERVICE STATE: ip-10-0-7-149.us-west-2.compute.internal;Check Users;OK;HARD;1;USERS OK - 0 users currently logged in
[1504310400] CURRENT SERVICE STATE: ip-10-0-7-149.us-west-2.compute.internal;Local Disk;OK;HARD;1;DISK OK - free space: / 96201 MB (96% inode=98%):
[1504310400] CURRENT SERVICE STATE: ip-10-0-7-149.us-west-2.compute.internal;Mesos Activated Slaves;OK;HARD;1;OK: Mesos cluster 'dcosqa' activated_slaves=20
[1504310400] CURRENT SERVICE STATE: ip-10-0-7-149.us-west-2.compute.internal;PING;OK;HARD;1;PING OK - Packet loss = 0%, RTA = 0.28 ms
[1504310400] CURRENT SERVICE STATE: ip-10-0-7-149.us-west-2.compute.internal;Total Mesos CPUS;OK;HARD;1;OK: Mesos metrics: allocator/mesos/resources/cpus/total=80
[1504310400] CURRENT SERVICE STATE: ip-10-0-7-149.us-west-2.compute.internal;Total Process;OK;HARD;1;PROCS OK: 82 processes with STATE = RSZDT
[1504310400] CURRENT SERVICE STATE: localhost;Current Load;OK;HARD;1;OK - load average: 0.00, 0.00, 0.00
[1504310400] CURRENT SERVICE STATE: localhost;Current Users;OK;HARD;1;USERS OK - 0 users currently logged in
[1504310400] CURRENT SERVICE STATE: localhost;HTTP;OK;HARD;1;HTTP OK: HTTP/1.1 200 OK - 11595 bytes in 0.000 second response time
[1504310400] CURRENT SERVICE STATE: localhost;PING;OK;HARD;1;PING OK - Packet loss = 0%, RTA = 0.03 ms
[1504310400] CURRENT SERVICE STATE: localhost;Root Partition;OK;HARD;1;DISK OK - free space: / 96201 MB (96% inode=98%):
[1504310400] CURRENT SERVICE STATE: localhost;SSH;OK;HARD;1;SSH OK - OpenSSH_7.2p2 Ubuntu-4ubuntu2.2 (protocol 2.0)
[1504310400] CURRENT SERVICE STATE: localhost;Swap Usage;CRITICAL;HARD;4;SWAP CRITICAL - 0% free (0 MB out of 0 MB) - Swap is either disabled, not present, or of zero size.
[1504310400] CURRENT SERVICE STATE: localhost;Total Processes;OK;HARD;1;PROCS OK: 78 processes with STATE = RSZDT
[1504311276] SERVICE NOTIFICATION: nagiosadmin;localhost;Swap Usage;CRITICAL;notify-service-by-email;SWAP CRITICAL - 0% free (0 MB out of 0 MB) - Swap is either disabled, not present, or of zero size.
[1504311276] SERVICE NOTIFICATION: Bala;localhost;Swap Usage;CRITICAL;notify-service-by-email;SWAP CRITICAL - 0% free (0 MB out of 0 MB) - Swap is either disabled, not present, or of zero size.
[1504311782] Auto-save of retention data completed successfully.
[1504315175] SERVICE NOTIFICATION: nagiosadmin;localhost;Swap Usage;CRITICAL;notify-service-by-email;SWAP CRITICAL - 0% free (0 MB out of 0 MB) - Swap is either disabled, not present, or of zero size.
[1504315175] SERVICE NOTIFICATION: Bala;localhost;Swap Usage;CRITICAL;notify-service-by-email;SWAP CRITICAL - 0% free (0 MB out of 0 MB) - Swap is either disabled, not present, or of zero size.
[1504315382] Auto-save of retention data completed successfully.
[1504318775] SERVICE NOTIFICATION: nagiosadmin;localhost;Swap Usage;CRITICAL;notify-service-by-email;SWAP CRITICAL - 0% free (0 MB out of 0 MB) - Swap is either disabled, not present, or of zero size.
[1504318775] SERVICE NOTIFICATION: Bala;localhost;Swap Usage;CRITICAL;notify-service-by-email;SWAP CRITICAL - 0% free (0 MB out of 0 MB) - Swap is either disabled, not present, or of zero size.
[1504318982] Auto-save of retention data completed successfully.
[1504322582] Auto-save of retention data completed successfully.
[1504322674] SERVICE NOTIFICATION: nagiosadmin;localhost;Swap Usage;CRITICAL;notify-service-by-email;SWAP CRITICAL - 0% free (0 MB out of 0 MB) - Swap is either disabled, not present, or of zero size.
[1504322674] SERVICE NOTIFICATION: Bala;localhost;Swap Usage;CRITICAL;notify-service-by-email;SWAP CRITICAL - 0% free (0 MB out of 0 MB) - Swap is either disabled, not present, or of zero size.
[1504326182] Auto-save of retention data completed successfully.
[1504326274] SERVICE NOTIFICATION: nagiosadmin;localhost;Swap Usage;CRITICAL;notify-service-by-email;SWAP CRITICAL - 0% free (0 MB out of 0 MB) - Swap is either disabled, not present, or of zero size.
[1504326274] SERVICE NOTIFICATION: Bala;localhost;Swap Usage;CRITICAL;notify-service-by-email;SWAP CRITICAL - 0% free (0 MB out of 0 MB) - Swap is either disabled, not present, or of zero size.
[1504326304] wproc: Core Worker 1610: job 32069 (pid=25442) timed out. Killing it
[1504326305] wproc: NOTIFY job 32069 from worker Core Worker 1610 timed out after 31.01s
[1504326305] wproc:   host=localhost; service=Swap Usage; contact=nagiosadmin
[1504326305] wproc:   early_timeout=1; exited_ok=0; wait_status=0; error_code=62;
[1504326305] wproc:   stdout line 01: dharama.rao@hcl.com... Connecting to [127.0.0.1] via relay...
[1504326305] wproc:   stdout line 02: 220 ip-10-0-5-161.us-west-2.compute.internal ESMTP Sendmail 8.15.2/8.15.2/Debian-3; Sat, 2 Sep 2017 04:24:35 GMT; (No UCE/UBE) logging access from: localhost(OK)-localhost [127.0.0.1]
[1504326305] wproc:   stdout line 03: >>> EHLO ip-10-0-5-161.us-west-2.compute.internal
[1504326305] wproc:   stdout line 04: 250-ip-10-0-5-161.us-west-2.compute.internal Hello localhost [127.0.0.1], pleased to meet you
[1504326305] wproc:   stdout line 05: 250-ENHANCEDSTATUSCODES
[1504326305] wproc:   stdout line 06: 250-PIPELINING
[1504326305] wproc:   stdout line 07: 250-EXPN
[1504326305] wproc:   stdout line 08: 250-VERB
[1504326305] wproc:   stdout line 09: 250-8BITMIME
[1504326305] wproc:   stdout line 10: 250-SIZE
[1504326305] wproc:   stdout line 11: 250-DSN
[1504326305] wproc:   stdout line 12: 250-ETRN
[1504326305] wproc:   stdout line 13: 250-AUTH DIGEST-MD5 CRAM-MD5
[1504326305] wproc:   stdout line 14: 250-DELIVERBY
[1504326305] wproc:   stdout line 15: 250 HELP
[1504326305] wproc:   stdout line 16: >>> VERB
[1504326305] wproc:   stdout line 17: 250 2.0.0 Verbose mode
[1504326305] wproc:   stdout line 18: >>> MAIL From:<nagios@ip-10-0-5-161.us-west-2.compute.internal> SIZE=345 AUTH=nagios@ip-10-0-5-161.us-west-2.compute.internal
[1504326305] wproc:   stdout line 19: 250 2.1.0 <nagios@ip-10-0-5-161.us-west-2.compute.internal>... Sender ok
[1504326305] wproc:   stdout line 20: >>> RCPT To:<dharama.rao@hcl.com>
[1504326305] wproc:   stdout line 21: >>> DATA
[1504326305] wproc:   stdout line 22: 250 2.1.5 <dharama.rao@hcl.com>... Recipient ok
[1504326305] wproc:   stdout line 23: 354 Enter mail, end with "." on a line by itself
[1504326305] wproc:   stdout line 24: >>> .
[1504326305] Warning: Notifying contact 'nagiosadmin' of service 'Swap Usage' on host 'localhost' by command '/usr/bin/printf "%b" "Subject: PROBLEM Service Alert: localhost/Swap Usage is CRITICAL\n\n***** Nagios *****\n\nNotification Type: PROBLEM\n\nService: Swap Usage\nHost: localhost\nAddress: 127.0.0.1\nState: CRITICAL\n\nDate/Time: Sat Sept 2 04:24:34 UTC 2017\n\nAdditional Info:\n\nSWAP CRITICAL - 0% free (0 MB out of 0 MB) - Swap is either disabled, not present, or of zero size.\n" | /usr/sbin/sendmail -vt dharama.rao@hcl.com' timed out after 0.00 seconds
[1504326305] wproc: Core Worker 1610: job 32069 (pid=25442): Dormant child reaped
[1504329782] Auto-save of retention data completed successfully.
[1504330173] SERVICE NOTIFICATION: nagiosadmin;localhost;Swap Usage;CRITICAL;notify-service-by-email;SWAP CRITICAL - 0% free (0 MB out of 0 MB) - Swap is either disabled, not present, or of zero size.
[1504330173] SERVICE NOTIFICATION: Bala;localhost;Swap Usage;CRITICAL;notify-service-by-email;SWAP CRITICAL - 0% free (0 MB out of 0 MB) - Swap is either disabled, not present, or of zero size.
[1504330203] wproc: Core Worker 1613: job 32689 (pid=4100) timed out. Killing it
[1504330204] wproc: NOTIFY job 32689 from worker Core Worker 1613 timed out after 31.01s
[1504330204] wproc:   host=localhost; service=Swap Usage; contact=nagiosadmin
[1504330204] wproc:   early_timeout=1; exited_ok=0; wait_status=0; error_code=62;
[1504330204] wproc:   stdout line 01: dharama.rao@hcl.com... Connecting to [127.0.0.1] via relay...
[1504330204] wproc:   stdout line 02: 220 ip-10-0-5-161.us-west-2.compute.internal ESMTP Sendmail 8.15.2/8.15.2/Debian-3; Sat, 2 Sep 2017 05:29:34 GMT; (No UCE/UBE) logging access from: localhost(OK)-localhost [127.0.0.1]
[1504330204] wproc:   stdout line 03: >>> EHLO ip-10-0-5-161.us-west-2.compute.internal
[1504330204] wproc:   stdout line 04: 250-ip-10-0-5-161.us-west-2.compute.internal Hello localhost [127.0.0.1], pleased to meet you
[1504330204] wproc:   stdout line 05: 250-ENHANCEDSTATUSCODES
[1504330204] wproc:   stdout line 06: 250-PIPELINING
[1504330204] wproc:   stdout line 07: 250-EXPN
[1504330204] wproc:   stdout line 08: 250-VERB
[1504330204] wproc:   stdout line 09: 250-8BITMIME
[1504330204] wproc:   stdout line 10: 250-SIZE
[1504330204] wproc:   stdout line 11: 250-DSN
[1504330204] wproc:   stdout line 12: 250-ETRN
[1504330204] wproc:   stdout line 13: 250-AUTH DIGEST-MD5 CRAM-MD5
[1504330204] wproc:   stdout line 14: 250-DELIVERBY
[1504330204] wproc:   stdout line 15: 250 HELP
[1504330204] wproc:   stdout line 16: >>> VERB
[1504330204] wproc:   stdout line 17: 250 2.0.0 Verbose mode
[1504330204] wproc:   stdout line 18: >>> MAIL From:<nagios@ip-10-0-5-161.us-west-2.compute.internal> SIZE=345 AUTH=nagios@ip-10-0-5-161.us-west-2.compute.internal
[1504330204] wproc:   stdout line 19: 250 2.1.0 <nagios@ip-10-0-5-161.us-west-2.compute.internal>... Sender ok
[1504330204] wproc:   stdout line 20: >>> RCPT To:<dharama.rao@hcl.com>
[1504330204] wproc:   stdout line 21: >>> DATA
[1504330204] wproc:   stdout line 22: 250 2.1.5 <dharama.rao@hcl.com>... Recipient ok
[1504330204] wproc:   stdout line 23: 354 Enter mail, end with "." on a line by itself
[1504330204] wproc:   stdout line 24: >>> .
[1504330204] Warning: Notifying contact 'nagiosadmin' of service 'Swap Usage' on host 'localhost' by command '/usr/bin/printf "%b" "Subject: PROBLEM Service Alert: localhost/Swap Usage is CRITICAL\n\n***** Nagios *****\n\nNotification Type: PROBLEM\n\nService: Swap Usage\nHost: localhost\nAddress: 127.0.0.1\nState: CRITICAL\n\nDate/Time: Sat Sept 2 05:29:33 UTC 2017\n\nAdditional Info:\n\nSWAP CRITICAL - 0% free (0 MB out of 0 MB) - Swap is either disabled, not present, or of zero size.\n" | /usr/sbin/sendmail -vt dharama.rao@hcl.com' timed out after 0.00 seconds
[1504330204] wproc: Core Worker 1613: job 32689 (pid=4100): Dormant child reaped
[1504333382] Auto-save of retention data completed successfully.
[1504334072] SERVICE NOTIFICATION: nagiosadmin;localhost;Swap Usage;CRITICAL;notify-service-by-email;SWAP CRITICAL - 0% free (0 MB out of 0 MB) - Swap is either disabled, not present, or of zero size.
[1504334072] SERVICE NOTIFICATION: Bala;localhost;Swap Usage;CRITICAL;notify-service-by-email;SWAP CRITICAL - 0% free (0 MB out of 0 MB) - Swap is either disabled, not present, or of zero size.
[1504336982] Auto-save of retention data completed successfully.
[1504337672] SERVICE NOTIFICATION: nagiosadmin;localhost;Swap Usage;CRITICAL;notify-service-by-email;SWAP CRITICAL - 0% free (0 MB out of 0 MB) - Swap is either disabled, not present, or of zero size.
[1504337672] SERVICE NOTIFICATION: Bala;localhost;Swap Usage;CRITICAL;notify-service-by-email;SWAP CRITICAL - 0% free (0 MB out of 0 MB) - Swap is either disabled, not present, or of zero size.
[1504340582] Auto-save of retention data completed successfully.
[1504341272] SERVICE NOTIFICATION: nagiosadmin;localhost;Swap Usage;CRITICAL;notify-service-by-email;SWAP CRITICAL - 0% free (0 MB out of 0 MB) - Swap is either disabled, not present, or of zero size.
[1504341272] SERVICE NOTIFICATION: Bala;localhost;Swap Usage;CRITICAL;notify-service-by-email;SWAP CRITICAL - 0% free (0 MB out of 0 MB) - Swap is either disabled, not present, or of zero size.
[1504344182] Auto-save of retention data completed successfully.
[1504345171] SERVICE NOTIFICATION: nagiosadmin;localhost;Swap Usage;CRITICAL;notify-service-by-email;SWAP CRITICAL - 0% free (0 MB out of 0 MB) - Swap is either disabled, not present, or of zero size.
[1504345171] SERVICE NOTIFICATION: Bala;localhost;Swap Usage;CRITICAL;notify-service-by-email;SWAP CRITICAL - 0% free (0 MB out of 0 MB) - Swap is either disabled, not present, or of zero size.
[1504345201] wproc: Core Worker 1620: job 35073 (pid=14719) timed out. Killing it
[1504345202] wproc: NOTIFY job 35073 from worker Core Worker 1620 timed out after 31.01s
[1504345202] wproc:   host=localhost; service=Swap Usage; contact=nagiosadmin
[1504345202] wproc:   early_timeout=1; exited_ok=0; wait_status=0; error_code=62;
[1504345202] wproc:   stdout line 01: dharama.rao@hcl.com... Connecting to [127.0.0.1] via relay...
[1504345202] wproc:   stdout line 02: 220 ip-10-0-5-161.us-west-2.compute.internal ESMTP Sendmail 8.15.2/8.15.2/Debian-3; Sat, 2 Sep 2017 09:39:32 GMT; (No UCE/UBE) logging access from: localhost(OK)-localhost [127.0.0.1]
[1504345202] wproc:   stdout line 03: >>> EHLO ip-10-0-5-161.us-west-2.compute.internal
[1504345202] wproc:   stdout line 04: 250-ip-10-0-5-161.us-west-2.compute.internal Hello localhost [127.0.0.1], pleased to meet you
[1504345202] wproc:   stdout line 05: 250-ENHANCEDSTATUSCODES
[1504345202] wproc:   stdout line 06: 250-PIPELINING
[1504345202] wproc:   stdout line 07: 250-EXPN
[1504345202] wproc:   stdout line 08: 250-VERB
[1504345202] wproc:   stdout line 09: 250-8BITMIME
[1504345202] wproc:   stdout line 10: 250-SIZE
[1504345202] wproc:   stdout line 11: 250-DSN
[1504345202] wproc:   stdout line 12: 250-ETRN
[1504345202] wproc:   stdout line 13: 250-AUTH DIGEST-MD5 CRAM-MD5
[1504345202] wproc:   stdout line 14: 250-DELIVERBY
[1504345202] wproc:   stdout line 15: 250 HELP
[1504345202] wproc:   stdout line 16: >>> VERB
[1504345202] wproc:   stdout line 17: 250 2.0.0 Verbose mode
[1504345202] wproc:   stdout line 18: >>> MAIL From:<nagios@ip-10-0-5-161.us-west-2.compute.internal> SIZE=345 AUTH=nagios@ip-10-0-5-161.us-west-2.compute.internal
[1504345202] wproc:   stdout line 19: 250 2.1.0 <nagios@ip-10-0-5-161.us-west-2.compute.internal>... Sender ok
[1504345202] wproc:   stdout line 20: >>> RCPT To:<dharama.rao@hcl.com>
[1504345202] wproc:   stdout line 21: >>> DATA
[1504345202] wproc:   stdout line 22: 250 2.1.5 <dharama.rao@hcl.com>... Recipient ok
[1504345202] wproc:   stdout line 23: 354 Enter mail, end with "." on a line by itself
[1504345202] wproc:   stdout line 24: >>> .
[1504345202] Warning: Notifying contact 'nagiosadmin' of service 'Swap Usage' on host 'localhost' by command '/usr/bin/printf "%b" "Subject: PROBLEM Service Alert: localhost/Swap Usage is CRITICAL\n\n***** Nagios *****\n\nNotification Type: PROBLEM\n\nService: Swap Usage\nHost: localhost\nAddress: 127.0.0.1\nState: CRITICAL\n\nDate/Time: Sat Sept 2 09:39:31 UTC 2017\n\nAdditional Info:\n\nSWAP CRITICAL - 0% free (0 MB out of 0 MB) - Swap is either disabled, not present, or of zero size.\n" | /usr/sbin/sendmail -vt dharama.rao@hcl.com' timed out after 0.00 seconds
[1504345202] wproc: Core Worker 1620: job 35073 (pid=14719): Dormant child reaped
[1504347782] Auto-save of retention data completed successfully.
[1504348771] SERVICE NOTIFICATION: nagiosadmin;localhost;Swap Usage;CRITICAL;notify-service-by-email;SWAP CRITICAL - 0% free (0 MB out of 0 MB) - Swap is either disabled, not present, or of zero size.
[1504348771] SERVICE NOTIFICATION: Bala;localhost;Swap Usage;CRITICAL;notify-service-by-email;SWAP CRITICAL - 0% free (0 MB out of 0 MB) - Swap is either disabled, not present, or of zero size.
[1504351382] Auto-save of retention data completed successfully.
[1504352670] SERVICE NOTIFICATION: nagiosadmin;localhost;Swap Usage;CRITICAL;notify-service-by-email;SWAP CRITICAL - 0% free (0 MB out of 0 MB) - Swap is either disabled, not present, or of zero size.
[1504352670] SERVICE NOTIFICATION: Bala;localhost;Swap Usage;CRITICAL;notify-service-by-email;SWAP CRITICAL - 0% free (0 MB out of 0 MB) - Swap is either disabled, not present, or of zero size.
[1504352700] wproc: Core Worker 1619: job 36265 (pid=3587) timed out. Killing it
[1504352701] wproc: NOTIFY job 36265 from worker Core Worker 1619 timed out after 31.01s
[1504352701] wproc:   host=localhost; service=Swap Usage; contact=nagiosadmin
[1504352701] wproc:   early_timeout=1; exited_ok=0; wait_status=0; error_code=62;
[1504352701] wproc:   stdout line 01: dharama.rao@hcl.com... Connecting to [127.0.0.1] via relay...
[1504352701] wproc:   stdout line 02: 220 ip-10-0-5-161.us-west-2.compute.internal ESMTP Sendmail 8.15.2/8.15.2/Debian-3; Sat, 2 Sep 2017 11:44:31 GMT; (No UCE/UBE) logging access from: localhost(OK)-localhost [127.0.0.1]
[1504352701] wproc:   stdout line 03: >>> EHLO ip-10-0-5-161.us-west-2.compute.internal
[1504352701] wproc:   stdout line 04: 250-ip-10-0-5-161.us-west-2.compute.internal Hello localhost [127.0.0.1], pleased to meet you
[1504352701] wproc:   stdout line 05: 250-ENHANCEDSTATUSCODES
[1504352701] wproc:   stdout line 06: 250-PIPELINING
[1504352701] wproc:   stdout line 07: 250-EXPN
[1504352701] wproc:   stdout line 08: 250-VERB
[1504352701] wproc:   stdout line 09: 250-8BITMIME
[1504352701] wproc:   stdout line 10: 250-SIZE
[1504352701] wproc:   stdout line 11: 250-DSN
[1504352701] wproc:   stdout line 12: 250-ETRN
[1504352701] wproc:   stdout line 13: 250-AUTH DIGEST-MD5 CRAM-MD5
[1504352701] wproc:   stdout line 14: 250-DELIVERBY
[1504352701] wproc:   stdout line 15: 250 HELP
[1504352701] wproc:   stdout line 16: >>> VERB
[1504352701] wproc:   stdout line 17: 250 2.0.0 Verbose mode
[1504352701] wproc:   stdout line 18: >>> MAIL From:<nagios@ip-10-0-5-161.us-west-2.compute.internal> SIZE=345 AUTH=nagios@ip-10-0-5-161.us-west-2.compute.internal
[1504352701] wproc:   stdout line 19: 250 2.1.0 <nagios@ip-10-0-5-161.us-west-2.compute.internal>... Sender ok
[1504352701] wproc:   stdout line 20: >>> RCPT To:<dharama.rao@hcl.com>
[1504352701] wproc:   stdout line 21: >>> DATA
[1504352701] wproc:   stdout line 22: 250 2.1.5 <dharama.rao@hcl.com>... Recipient ok
[1504352701] wproc:   stdout line 23: 354 Enter mail, end with "." on a line by itself
[1504352701] wproc:   stdout line 24: >>> .
[1504352701] Warning: Notifying contact 'nagiosadmin' of service 'Swap Usage' on host 'localhost' by command '/usr/bin/printf "%b" "Subject: PROBLEM Service Alert: localhost/Swap Usage is CRITICAL\n\n***** Nagios *****\n\nNotification Type: PROBLEM\n\nService: Swap Usage\nHost: localhost\nAddress: 127.0.0.1\nState: CRITICAL\n\nDate/Time: Sat Sept 2 11:44:30 UTC 2017\n\nAdditional Info:\n\nSWAP CRITICAL - 0% free (0 MB out of 0 MB) - Swap is either disabled, not present, or of zero size.\n" | /usr/sbin/sendmail -vt dharama.rao@hcl.com' timed out after 0.00 seconds
[1504352701] wproc: Core Worker 1619: job 36265 (pid=3587): Dormant child reaped
[1504354982] Auto-save of retention data completed successfully.
[1504356569] SERVICE NOTIFICATION: nagiosadmin;localhost;Swap Usage;CRITICAL;notify-service-by-email;SWAP CRITICAL - 0% free (0 MB out of 0 MB) - Swap is either disabled, not present, or of zero size.
[1504356569] SERVICE NOTIFICATION: Bala;localhost;Swap Usage;CRITICAL;notify-service-by-email;SWAP CRITICAL - 0% free (0 MB out of 0 MB) - Swap is either disabled, not present, or of zero size.
[1504356599] wproc: Core Worker 1609: job 36886 (pid=14625) timed out. Killing it
[1504356600] wproc: NOTIFY job 36886 from worker Core Worker 1609 timed out after 31.01s
[1504356600] wproc:   host=localhost; service=Swap Usage; contact=nagiosadmin
[1504356600] wproc:   early_timeout=1; exited_ok=0; wait_status=0; error_code=62;
[1504356600] wproc:   stdout line 01: dharama.rao@hcl.com... Connecting to [127.0.0.1] via relay...
[1504356600] wproc:   stdout line 02: 220 ip-10-0-5-161.us-west-2.compute.internal ESMTP Sendmail 8.15.2/8.15.2/Debian-3; Sat, 2 Sep 2017 12:49:30 GMT; (No UCE/UBE) logging access from: localhost(OK)-localhost [127.0.0.1]
[1504356600] wproc:   stdout line 03: >>> EHLO ip-10-0-5-161.us-west-2.compute.internal
[1504356600] wproc:   stdout line 04: 250-ip-10-0-5-161.us-west-2.compute.internal Hello localhost [127.0.0.1], pleased to meet you
[1504356600] wproc:   stdout line 05: 250-ENHANCEDSTATUSCODES
[1504356600] wproc:   stdout line 06: 250-PIPELINING
[1504356600] wproc:   stdout line 07: 250-EXPN
[1504356600] wproc:   stdout line 08: 250-VERB
[1504356600] wproc:   stdout line 09: 250-8BITMIME
[1504356600] wproc:   stdout line 10: 250-SIZE
[1504356600] wproc:   stdout line 11: 250-DSN
[1504356600] wproc:   stdout line 12: 250-ETRN
[1504356600] wproc:   stdout line 13: 250-AUTH DIGEST-MD5 CRAM-MD5
[1504356600] wproc:   stdout line 14: 250-DELIVERBY
[1504356600] wproc:   stdout line 15: 250 HELP
[1504356600] wproc:   stdout line 16: >>> VERB
[1504356600] wproc:   stdout line 17: 250 2.0.0 Verbose mode
[1504356600] wproc:   stdout line 18: >>> MAIL From:<nagios@ip-10-0-5-161.us-west-2.compute.internal> SIZE=345 AUTH=nagios@ip-10-0-5-161.us-west-2.compute.internal
[1504356600] wproc:   stdout line 19: 250 2.1.0 <nagios@ip-10-0-5-161.us-west-2.compute.internal>... Sender ok
[1504356600] wproc:   stdout line 20: >>> RCPT To:<dharama.rao@hcl.com>
[1504356600] wproc:   stdout line 21: >>> DATA
[1504356600] wproc:   stdout line 22: 250 2.1.5 <dharama.rao@hcl.com>... Recipient ok
[1504356600] wproc:   stdout line 23: 354 Enter mail, end with "." on a line by itself
[1504356600] wproc:   stdout line 24: >>> .
[1504356600] Warning: Notifying contact 'nagiosadmin' of service 'Swap Usage' on host 'localhost' by command '/usr/bin/printf "%b" "Subject: PROBLEM Service Alert: localhost/Swap Usage is CRITICAL\n\n***** Nagios *****\n\nNotification Type: PROBLEM\n\nService: Swap Usage\nHost: localhost\nAddress: 127.0.0.1\nState: CRITICAL\n\nDate/Time: Sat Sept 2 12:49:29 UTC 2017\n\nAdditional Info:\n\nSWAP CRITICAL - 0% free (0 MB out of 0 MB) - Swap is either disabled, not present, or of zero size.\n" | /usr/sbin/sendmail -vt dharama.rao@hcl.com' timed out after 0.00 seconds
[1504356600] wproc: Core Worker 1609: job 36886 (pid=14625): Dormant child reaped
[1504358582] Auto-save of retention data completed successfully.
[1504360169] SERVICE NOTIFICATION: nagiosadmin;localhost;Swap Usage;CRITICAL;notify-service-by-email;SWAP CRITICAL - 0% free (0 MB out of 0 MB) - Swap is either disabled, not present, or of zero size.
[1504360169] SERVICE NOTIFICATION: Bala;localhost;Swap Usage;CRITICAL;notify-service-by-email;SWAP CRITICAL - 0% free (0 MB out of 0 MB) - Swap is either disabled, not present, or of zero size.
[1504360199] wproc: Core Worker 1616: job 37458 (pid=24822) timed out. Killing it
[1504360200] wproc: NOTIFY job 37458 from worker Core Worker 1616 timed out after 31.01s
[1504360200] wproc:   host=localhost; service=Swap Usage; contact=nagiosadmin
[1504360200] wproc:   early_timeout=1; exited_ok=0; wait_status=0; error_code=62;
[1504360200] wproc:   stdout line 01: dharama.rao@hcl.com... Connecting to [127.0.0.1] via relay...
[1504360200] wproc:   stdout line 02: 220 ip-10-0-5-161.us-west-2.compute.internal ESMTP Sendmail 8.15.2/8.15.2/Debian-3; Sat, 2 Sep 2017 13:49:29 GMT; (No UCE/UBE) logging access from: localhost(OK)-localhost [127.0.0.1]
[1504360200] wproc:   stdout line 03: >>> EHLO ip-10-0-5-161.us-west-2.compute.internal
[1504360200] wproc:   stdout line 04: 250-ip-10-0-5-161.us-west-2.compute.internal Hello localhost [127.0.0.1], pleased to meet you
[1504360200] wproc:   stdout line 05: 250-ENHANCEDSTATUSCODES
[1504360200] wproc:   stdout line 06: 250-PIPELINING
[1504360200] wproc:   stdout line 07: 250-EXPN
[1504360200] wproc:   stdout line 08: 250-VERB
[1504360200] wproc:   stdout line 09: 250-8BITMIME
[1504360200] wproc:   stdout line 10: 250-SIZE
[1504360200] wproc:   stdout line 11: 250-DSN
[1504360200] wproc:   stdout line 12: 250-ETRN
[1504360200] wproc:   stdout line 13: 250-AUTH DIGEST-MD5 CRAM-MD5
[1504360200] wproc:   stdout line 14: 250-DELIVERBY
[1504360200] wproc:   stdout line 15: 250 HELP
[1504360200] wproc:   stdout line 16: >>> VERB
[1504360200] wproc:   stdout line 17: 250 2.0.0 Verbose mode
[1504360200] wproc:   stdout line 18: >>> MAIL From:<nagios@ip-10-0-5-161.us-west-2.compute.internal> SIZE=345 AUTH=nagios@ip-10-0-5-161.us-west-2.compute.internal
[1504360200] wproc:   stdout line 19: 250 2.1.0 <nagios@ip-10-0-5-161.us-west-2.compute.internal>... Sender ok
[1504360200] wproc:   stdout line 20: >>> RCPT To:<dharama.rao@hcl.com>
[1504360200] wproc:   stdout line 21: >>> DATA
[1504360200] wproc:   stdout line 22: 250 2.1.5 <dharama.rao@hcl.com>... Recipient ok
[1504360200] wproc:   stdout line 23: 354 Enter mail, end with "." on a line by itself
[1504360200] wproc:   stdout line 24: >>> .
[1504360200] Warning: Notifying contact 'nagiosadmin' of service 'Swap Usage' on host 'localhost' by command '/usr/bin/printf "%b" "Subject: PROBLEM Service Alert: localhost/Swap Usage is CRITICAL\n\n***** Nagios *****\n\nNotification Type: PROBLEM\n\nService: Swap Usage\nHost: localhost\nAddress: 127.0.0.1\nState: CRITICAL\n\nDate/Time: Sat Sept 2 13:49:29 UTC 2017\n\nAdditional Info:\n\nSWAP CRITICAL - 0% free (0 MB out of 0 MB) - Swap is either disabled, not present, or of zero size.\n" | /usr/sbin/sendmail -vt dharama.rao@hcl.com' timed out after 0.00 seconds
[1504360200] wproc: Core Worker 1616: job 37458 (pid=24822): Dormant child reaped
[1504362182] Auto-save of retention data completed successfully.
[1504364068] SERVICE NOTIFICATION: nagiosadmin;localhost;Swap Usage;CRITICAL;notify-service-by-email;SWAP CRITICAL - 0% free (0 MB out of 0 MB) - Swap is either disabled, not present, or of zero size.
[1504364068] SERVICE NOTIFICATION: Bala;localhost;Swap Usage;CRITICAL;notify-service-by-email;SWAP CRITICAL - 0% free (0 MB out of 0 MB) - Swap is either disabled, not present, or of zero size.
[1504364098] wproc: Core Worker 1610: job 38078 (pid=3463) timed out. Killing it
[1504364099] wproc: NOTIFY job 38078 from worker Core Worker 1610 timed out after 31.01s
[1504364099] wproc:   host=localhost; service=Swap Usage; contact=nagiosadmin
[1504364099] wproc:   early_timeout=1; exited_ok=0; wait_status=0; error_code=62;
[1504364099] wproc:   stdout line 01: dharama.rao@hcl.com... Connecting to [127.0.0.1] via relay...
[1504364099] wproc:   stdout line 02: 220 ip-10-0-5-161.us-west-2.compute.internal ESMTP Sendmail 8.15.2/8.15.2/Debian-3; Sat, 2 Sep 2017 14:54:30 GMT; (No UCE/UBE) logging access from: localhost(OK)-localhost [127.0.0.1]
[1504364099] wproc:   stdout line 03: >>> EHLO ip-10-0-5-161.us-west-2.compute.internal
[1504364099] wproc:   stdout line 04: 250-ip-10-0-5-161.us-west-2.compute.internal Hello localhost [127.0.0.1], pleased to meet you
[1504364099] wproc:   stdout line 05: 250-ENHANCEDSTATUSCODES
[1504364099] wproc:   stdout line 06: 250-PIPELINING
[1504364099] wproc:   stdout line 07: 250-EXPN
[1504364099] wproc:   stdout line 08: 250-VERB
[1504364099] wproc:   stdout line 09: 250-8BITMIME
[1504364099] wproc:   stdout line 10: 250-SIZE
[1504364099] wproc:   stdout line 11: 250-DSN
[1504364099] wproc:   stdout line 12: 250-ETRN
[1504364099] wproc:   stdout line 13: 250-AUTH DIGEST-MD5 CRAM-MD5
[1504364099] wproc:   stdout line 14: 250-DELIVERBY
[1504364099] wproc:   stdout line 15: 250 HELP
[1504364099] wproc:   stdout line 16: >>> VERB
[1504364099] wproc:   stdout line 17: 250 2.0.0 Verbose mode
[1504364099] wproc:   stdout line 18: >>> MAIL From:<nagios@ip-10-0-5-161.us-west-2.compute.internal> SIZE=345 AUTH=nagios@ip-10-0-5-161.us-west-2.compute.internal
[1504364099] wproc:   stdout line 19: 250 2.1.0 <nagios@ip-10-0-5-161.us-west-2.compute.internal>... Sender ok
[1504364099] wproc:   stdout line 20: >>> RCPT To:<dharama.rao@hcl.com>
[1504364099] wproc:   stdout line 21: >>> DATA
[1504364099] wproc:   stdout line 22: 250 2.1.5 <dharama.rao@hcl.com>... Recipient ok
[1504364099] wproc:   stdout line 23: 354 Enter mail, end with "." on a line by itself
[1504364099] wproc:   stdout line 24: >>> .
[1504364099] Warning: Notifying contact 'nagiosadmin' of service 'Swap Usage' on host 'localhost' by command '/usr/bin/printf "%b" "Subject: PROBLEM Service Alert: localhost/Swap Usage is CRITICAL\n\n***** Nagios *****\n\nNotification Type: PROBLEM\n\nService: Swap Usage\nHost: localhost\nAddress: 127.0.0.1\nState: CRITICAL\n\nDate/Time: Sat Sept 2 14:54:28 UTC 2017\n\nAdditional Info:\n\nSWAP CRITICAL - 0% free (0 MB out of 0 MB) - Swap is either disabled, not present, or of zero size.\n" | /usr/sbin/sendmail -vt dharama.rao@hcl.com' timed out after 0.00 seconds
[1504364099] wproc: Core Worker 1610: job 38078 (pid=3463): Dormant child reaped
[1504365782] Auto-save of retention data completed successfully.
[1504367668] SERVICE NOTIFICATION: nagiosadmin;localhost;Swap Usage;CRITICAL;notify-service-by-email;SWAP CRITICAL - 0% free (0 MB out of 0 MB) - Swap is either disabled, not present, or of zero size.
[1504367668] SERVICE NOTIFICATION: Bala;localhost;Swap Usage;CRITICAL;notify-service-by-email;SWAP CRITICAL - 0% free (0 MB out of 0 MB) - Swap is either disabled, not present, or of zero size.
[1504369382] Auto-save of retention data completed successfully.
[1504371567] SERVICE NOTIFICATION: nagiosadmin;localhost;Swap Usage;CRITICAL;notify-service-by-email;SWAP CRITICAL - 0% free (0 MB out of 0 MB) - Swap is either disabled, not present, or of zero size.
[1504371567] SERVICE NOTIFICATION: Bala;localhost;Swap Usage;CRITICAL;notify-service-by-email;SWAP CRITICAL - 0% free (0 MB out of 0 MB) - Swap is either disabled, not present, or of zero size.
[1504372983] Auto-save of retention data completed successfully.
[1504375167] SERVICE NOTIFICATION: nagiosadmin;localhost;Swap Usage;CRITICAL;notify-service-by-email;SWAP CRITICAL - 0% free (0 MB out of 0 MB) - Swap is either disabled, not present, or of zero size.
[1504375167] SERVICE NOTIFICATION: Bala;localhost;Swap Usage;CRITICAL;notify-service-by-email;SWAP CRITICAL - 0% free (0 MB out of 0 MB) - Swap is either disabled, not present, or of zero size.
[1504375197] wproc: Core Worker 1611: job 39843 (pid=2514) timed out. Killing it
[1504375198] wproc: NOTIFY job 39843 from worker Core Worker 1611 timed out after 31.01s
[1504375198] wproc:   host=localhost; service=Swap Usage; contact=nagiosadmin
[1504375198] wproc:   early_timeout=1; exited_ok=0; wait_status=0; error_code=62;
[1504375198] wproc:   stdout line 01: dharama.rao@hcl.com... Connecting to [127.0.0.1] via relay...
[1504375198] wproc:   stdout line 02: 220 ip-10-0-5-161.us-west-2.compute.internal ESMTP Sendmail 8.15.2/8.15.2/Debian-3; Sat, 2 Sep 2017 17:59:28 GMT; (No UCE/UBE) logging access from: localhost(OK)-localhost [127.0.0.1]
[1504375198] wproc:   stdout line 03: >>> EHLO ip-10-0-5-161.us-west-2.compute.internal
[1504375198] wproc:   stdout line 04: 250-ip-10-0-5-161.us-west-2.compute.internal Hello localhost [127.0.0.1], pleased to meet you
[1504375198] wproc:   stdout line 05: 250-ENHANCEDSTATUSCODES
[1504375198] wproc:   stdout line 06: 250-PIPELINING
[1504375198] wproc:   stdout line 07: 250-EXPN
[1504375198] wproc:   stdout line 08: 250-VERB
[1504375198] wproc:   stdout line 09: 250-8BITMIME
[1504375198] wproc:   stdout line 10: 250-SIZE
[1504375198] wproc:   stdout line 11: 250-DSN
[1504375198] wproc:   stdout line 12: 250-ETRN
[1504375198] wproc:   stdout line 13: 250-AUTH DIGEST-MD5 CRAM-MD5
[1504375198] wproc:   stdout line 14: 250-DELIVERBY
[1504375198] wproc:   stdout line 15: 250 HELP
[1504375198] wproc:   stdout line 16: >>> VERB
[1504375198] wproc:   stdout line 17: 250 2.0.0 Verbose mode
[1504375198] wproc:   stdout line 18: >>> MAIL From:<nagios@ip-10-0-5-161.us-west-2.compute.internal> SIZE=345 AUTH=nagios@ip-10-0-5-161.us-west-2.compute.internal
[1504375198] wproc:   stdout line 19: 250 2.1.0 <nagios@ip-10-0-5-161.us-west-2.compute.internal>... Sender ok
[1504375198] wproc:   stdout line 20: >>> RCPT To:<dharama.rao@hcl.com>
[1504375198] wproc:   stdout line 21: >>> DATA
[1504375198] wproc:   stdout line 22: 250 2.1.5 <dharama.rao@hcl.com>... Recipient ok
[1504375198] wproc:   stdout line 23: 354 Enter mail, end with "." on a line by itself
[1504375198] wproc:   stdout line 24: >>> .
[1504375198] Warning: Notifying contact 'nagiosadmin' of service 'Swap Usage' on host 'localhost' by command '/usr/bin/printf "%b" "Subject: PROBLEM Service Alert: localhost/Swap Usage is CRITICAL\n\n***** Nagios *****\n\nNotification Type: PROBLEM\n\nService: Swap Usage\nHost: localhost\nAddress: 127.0.0.1\nState: CRITICAL\n\nDate/Time: Sat Sept 2 17:59:27 UTC 2017\n\nAdditional Info:\n\nSWAP CRITICAL - 0% free (0 MB out of 0 MB) - Swap is either disabled, not present, or of zero size.\n" | /usr/sbin/sendmail -vt dharama.rao@hcl.com' timed out after 0.00 seconds
[1504375198] wproc: Core Worker 1611: job 39843 (pid=2514): Dormant child reaped
[1504376582] Auto-save of retention data completed successfully.
[1504378767] SERVICE NOTIFICATION: nagiosadmin;localhost;Swap Usage;CRITICAL;notify-service-by-email;SWAP CRITICAL - 0% free (0 MB out of 0 MB) - Swap is either disabled, not present, or of zero size.
[1504378767] SERVICE NOTIFICATION: Bala;localhost;Swap Usage;CRITICAL;notify-service-by-email;SWAP CRITICAL - 0% free (0 MB out of 0 MB) - Swap is either disabled, not present, or of zero size.
[1504380182] Auto-save of retention data completed successfully.
[1504382367] SERVICE NOTIFICATION: nagiosadmin;localhost;Swap Usage;CRITICAL;notify-service-by-email;SWAP CRITICAL - 0% free (0 MB out of 0 MB) - Swap is either disabled, not present, or of zero size.
[1504382367] SERVICE NOTIFICATION: Bala;localhost;Swap Usage;CRITICAL;notify-service-by-email;SWAP CRITICAL - 0% free (0 MB out of 0 MB) - Swap is either disabled, not present, or of zero size.
[1504383782] Auto-save of retention data completed successfully.
[1504386266] SERVICE NOTIFICATION: nagiosadmin;localhost;Swap Usage;CRITICAL;notify-service-by-email;SWAP CRITICAL - 0% free (0 MB out of 0 MB) - Swap is either disabled, not present, or of zero size.
[1504386266] SERVICE NOTIFICATION: Bala;localhost;Swap Usage;CRITICAL;notify-service-by-email;SWAP CRITICAL - 0% free (0 MB out of 0 MB) - Swap is either disabled, not present, or of zero size.
[1504386296] wproc: Core Worker 1617: job 41607 (pid=1549) timed out. Killing it
[1504386297] wproc: NOTIFY job 41607 from worker Core Worker 1617 timed out after 31.01s
[1504386297] wproc:   host=localhost; service=Swap Usage; contact=nagiosadmin
[1504386297] wproc:   early_timeout=1; exited_ok=0; wait_status=0; error_code=62;
[1504386297] wproc:   stdout line 01: dharama.rao@hcl.com... Connecting to [127.0.0.1] via relay...
[1504386297] wproc:   stdout line 02: 220 ip-10-0-5-161.us-west-2.compute.internal ESMTP Sendmail 8.15.2/8.15.2/Debian-3; Sat, 2 Sep 2017 21:04:27 GMT; (No UCE/UBE) logging access from: localhost(OK)-localhost [127.0.0.1]
[1504386297] wproc:   stdout line 03: >>> EHLO ip-10-0-5-161.us-west-2.compute.internal
[1504386297] wproc:   stdout line 04: 250-ip-10-0-5-161.us-west-2.compute.internal Hello localhost [127.0.0.1], pleased to meet you
[1504386297] wproc:   stdout line 05: 250-ENHANCEDSTATUSCODES
[1504386297] wproc:   stdout line 06: 250-PIPELINING
[1504386297] wproc:   stdout line 07: 250-EXPN
[1504386297] wproc:   stdout line 08: 250-VERB
[1504386297] wproc:   stdout line 09: 250-8BITMIME
[1504386297] wproc:   stdout line 10: 250-SIZE
[1504386297] wproc:   stdout line 11: 250-DSN
[1504386297] wproc:   stdout line 12: 250-ETRN
[1504386297] wproc:   stdout line 13: 250-AUTH DIGEST-MD5 CRAM-MD5
[1504386297] wproc:   stdout line 14: 250-DELIVERBY
[1504386297] wproc:   stdout line 15: 250 HELP
[1504386297] wproc:   stdout line 16: >>> VERB
[1504386297] wproc:   stdout line 17: 250 2.0.0 Verbose mode
[1504386297] wproc:   stdout line 18: >>> MAIL From:<nagios@ip-10-0-5-161.us-west-2.compute.internal> SIZE=345 AUTH=nagios@ip-10-0-5-161.us-west-2.compute.internal
[1504386297] wproc:   stdout line 19: 250 2.1.0 <nagios@ip-10-0-5-161.us-west-2.compute.internal>... Sender ok
[1504386297] wproc:   stdout line 20: >>> RCPT To:<dharama.rao@hcl.com>
[1504386297] wproc:   stdout line 21: >>> DATA
[1504386297] wproc:   stdout line 22: 250 2.1.5 <dharama.rao@hcl.com>... Recipient ok
[1504386297] wproc:   stdout line 23: 354 Enter mail, end with "." on a line by itself
[1504386297] wproc:   stdout line 24: >>> .
[1504386297] Warning: Notifying contact 'nagiosadmin' of service 'Swap Usage' on host 'localhost' by command '/usr/bin/printf "%b" "Subject: PROBLEM Service Alert: localhost/Swap Usage is CRITICAL\n\n***** Nagios *****\n\nNotification Type: PROBLEM\n\nService: Swap Usage\nHost: localhost\nAddress: 127.0.0.1\nState: CRITICAL\n\nDate/Time: Sat Sept 2 21:04:26 UTC 2017\n\nAdditional Info:\n\nSWAP CRITICAL - 0% free (0 MB out of 0 MB) - Swap is either disabled, not present, or of zero size.\n" | /usr/sbin/sendmail -vt dharama.rao@hcl.com' timed out after 0.00 seconds
[1504386297] wproc: Core Worker 1617: job 41607 (pid=1549): Dormant child reaped
[1504387382] Auto-save of retention data completed successfully.
[1504389866] SERVICE NOTIFICATION: nagiosadmin;localhost;Swap Usage;CRITICAL;notify-service-by-email;SWAP CRITICAL - 0% free (0 MB out of 0 MB) - Swap is either disabled, not present, or of zero size.
[1504389866] SERVICE NOTIFICATION: Bala;localhost;Swap Usage;CRITICAL;notify-service-by-email;SWAP CRITICAL - 0% free (0 MB out of 0 MB) - Swap is either disabled, not present, or of zero size.
[1504389896] wproc: Core Worker 1610: job 42180 (pid=11771) timed out. Killing it
[1504389897] wproc: NOTIFY job 42180 from worker Core Worker 1610 timed out after 31.01s
[1504389897] wproc:   host=localhost; service=Swap Usage; contact=nagiosadmin
[1504389897] wproc:   early_timeout=1; exited_ok=0; wait_status=0; error_code=62;
[1504389897] wproc:   stdout line 01: dharama.rao@hcl.com... Connecting to [127.0.0.1] via relay...
[1504389897] wproc:   stdout line 02: 220 ip-10-0-5-161.us-west-2.compute.internal ESMTP Sendmail 8.15.2/8.15.2/Debian-3; Sat, 2 Sep 2017 22:04:27 GMT; (No UCE/UBE) logging access from: localhost(OK)-localhost [127.0.0.1]
[1504389897] wproc:   stdout line 03: >>> EHLO ip-10-0-5-161.us-west-2.compute.internal
[1504389897] wproc:   stdout line 04: 250-ip-10-0-5-161.us-west-2.compute.internal Hello localhost [127.0.0.1], pleased to meet you
[1504389897] wproc:   stdout line 05: 250-ENHANCEDSTATUSCODES
[1504389897] wproc:   stdout line 06: 250-PIPELINING
[1504389897] wproc:   stdout line 07: 250-EXPN
[1504389897] wproc:   stdout line 08: 250-VERB
[1504389897] wproc:   stdout line 09: 250-8BITMIME
[1504389897] wproc:   stdout line 10: 250-SIZE
[1504389897] wproc:   stdout line 11: 250-DSN
[1504389897] wproc:   stdout line 12: 250-ETRN
[1504389897] wproc:   stdout line 13: 250-AUTH DIGEST-MD5 CRAM-MD5
[1504389897] wproc:   stdout line 14: 250-DELIVERBY
[1504389897] wproc:   stdout line 15: 250 HELP
[1504389897] wproc:   stdout line 16: >>> VERB
[1504389897] wproc:   stdout line 17: 250 2.0.0 Verbose mode
[1504389897] wproc:   stdout line 18: >>> MAIL From:<nagios@ip-10-0-5-161.us-west-2.compute.internal> SIZE=345 AUTH=nagios@ip-10-0-5-161.us-west-2.compute.internal
[1504389897] wproc:   stdout line 19: 250 2.1.0 <nagios@ip-10-0-5-161.us-west-2.compute.internal>... Sender ok
[1504389897] wproc:   stdout line 20: >>> RCPT To:<dharama.rao@hcl.com>
[1504389897] wproc:   stdout line 21: >>> DATA
[1504389897] wproc:   stdout line 22: 250 2.1.5 <dharama.rao@hcl.com>... Recipient ok
[1504389897] wproc:   stdout line 23: 354 Enter mail, end with "." on a line by itself
[1504389897] wproc:   stdout line 24: >>> .
[1504389897] Warning: Notifying contact 'nagiosadmin' of service 'Swap Usage' on host 'localhost' by command '/usr/bin/printf "%b" "Subject: PROBLEM Service Alert: localhost/Swap Usage is CRITICAL\n\n***** Nagios *****\n\nNotification Type: PROBLEM\n\nService: Swap Usage\nHost: localhost\nAddress: 127.0.0.1\nState: CRITICAL\n\nDate/Time: Sat Sept 2 22:04:26 UTC 2017\n\nAdditional Info:\n\nSWAP CRITICAL - 0% free (0 MB out of 0 MB) - Swap is either disabled, not present, or of zero size.\n" | /usr/sbin/sendmail -vt dharama.rao@hcl.com' timed out after 0.00 seconds
[1504389897] wproc: Core Worker 1610: job 42180 (pid=11771): Dormant child reaped
[1504390982] Auto-save of retention data completed successfully.
[1504393466] SERVICE NOTIFICATION: nagiosadmin;localhost;Swap Usage;CRITICAL;notify-service-by-email;SWAP CRITICAL - 0% free (0 MB out of 0 MB) - Swap is either disabled, not present, or of zero size.
[1504393466] SERVICE NOTIFICATION: Bala;localhost;Swap Usage;CRITICAL;notify-service-by-email;SWAP CRITICAL - 0% free (0 MB out of 0 MB) - Swap is either disabled, not present, or of zero size.
[1504393496] wproc: Core Worker 1616: job 42752 (pid=21963) timed out. Killing it
[1504393497] wproc: NOTIFY job 42752 from worker Core Worker 1616 timed out after 31.01s
[1504393497] wproc:   host=localhost; service=Swap Usage; contact=nagiosadmin
[1504393497] wproc:   early_timeout=1; exited_ok=0; wait_status=0; error_code=62;
[1504393497] wproc:   stdout line 01: dharama.rao@hcl.com... Connecting to [127.0.0.1] via relay...
[1504393497] wproc:   stdout line 02: 220 ip-10-0-5-161.us-west-2.compute.internal ESMTP Sendmail 8.15.2/8.15.2/Debian-3; Sat, 2 Sep 2017 23:04:26 GMT; (No UCE/UBE) logging access from: localhost(OK)-localhost [127.0.0.1]
[1504393497] wproc:   stdout line 03: >>> EHLO ip-10-0-5-161.us-west-2.compute.internal
[1504393497] wproc:   stdout line 04: 250-ip-10-0-5-161.us-west-2.compute.internal Hello localhost [127.0.0.1], pleased to meet you
[1504393497] wproc:   stdout line 05: 250-ENHANCEDSTATUSCODES
[1504393497] wproc:   stdout line 06: 250-PIPELINING
[1504393497] wproc:   stdout line 07: 250-EXPN
[1504393497] wproc:   stdout line 08: 250-VERB
[1504393497] wproc:   stdout line 09: 250-8BITMIME
[1504393497] wproc:   stdout line 10: 250-SIZE
[1504393497] wproc:   stdout line 11: 250-DSN
[1504393497] wproc:   stdout line 12: 250-ETRN
[1504393497] wproc:   stdout line 13: 250-AUTH DIGEST-MD5 CRAM-MD5
[1504393497] wproc:   stdout line 14: 250-DELIVERBY
[1504393497] wproc:   stdout line 15: 250 HELP
[1504393497] wproc:   stdout line 16: >>> VERB
[1504393497] wproc:   stdout line 17: 250 2.0.0 Verbose mode
[1504393497] wproc:   stdout line 18: >>> MAIL From:<nagios@ip-10-0-5-161.us-west-2.compute.internal> SIZE=345 AUTH=nagios@ip-10-0-5-161.us-west-2.compute.internal
[1504393497] wproc:   stdout line 19: 250 2.1.0 <nagios@ip-10-0-5-161.us-west-2.compute.internal>... Sender ok
[1504393497] wproc:   stdout line 20: >>> RCPT To:<dharama.rao@hcl.com>
[1504393497] wproc:   stdout line 21: >>> DATA
[1504393497] wproc:   stdout line 22: 250 2.1.5 <dharama.rao@hcl.com>... Recipient ok
[1504393497] wproc:   stdout line 23: 354 Enter mail, end with "." on a line by itself
[1504393497] wproc:   stdout line 24: >>> .
[1504393497] Warning: Notifying contact 'nagiosadmin' of service 'Swap Usage' on host 'localhost' by command '/usr/bin/printf "%b" "Subject: PROBLEM Service Alert: localhost/Swap Usage is CRITICAL\n\n***** Nagios *****\n\nNotification Type: PROBLEM\n\nService: Swap Usage\nHost: localhost\nAddress: 127.0.0.1\nState: CRITICAL\n\nDate/Time: Sat Sept 2 23:04:26 UTC 2017\n\nAdditional Info:\n\nSWAP CRITICAL - 0% free (0 MB out of 0 MB) - Swap is either disabled, not present, or of zero size.\n" | /usr/sbin/sendmail -vt dharama.rao@hcl.com' timed out after 0.00 seconds
[1504393497] wproc: Core Worker 1616: job 42752 (pid=21963): Dormant child reaped
[1504394582] Auto-save of retention data completed successfully.
