[1504137600] LOG ROTATION: DAILY
[1504137600] LOG VERSION: 2.0
[1504137600] CURRENT HOST STATE: ip-10-0-0-123.us-west-2.compute.internal;UP;HARD;1;PING OK - Packet loss = 0%, RTA = 0.22 ms
[1504137600] CURRENT HOST STATE: ip-10-0-0-173.us-west-2.compute.internal;UP;HARD;1;PING OK - Packet loss = 0%, RTA = 0.26 ms
[1504137600] CURRENT HOST STATE: ip-10-0-0-235.us-west-2.compute.internal;UP;HARD;1;PING OK - Packet loss = 0%, RTA = 0.23 ms
[1504137600] CURRENT HOST STATE: ip-10-0-0-254.us-west-2.compute.internal;UP;HARD;1;PING OK - Packet loss = 0%, RTA = 0.25 ms
[1504137600] CURRENT HOST STATE: ip-10-0-0-63.us-west-2.compute.internal;UP;HARD;1;PING OK - Packet loss = 0%, RTA = 0.26 ms
[1504137600] CURRENT HOST STATE: ip-10-0-0-65.us-west-2.compute.internal;UP;HARD;1;PING OK - Packet loss = 0%, RTA = 0.22 ms
[1504137600] CURRENT HOST STATE: ip-10-0-0-85.us-west-2.compute.internal;UP;HARD;1;PING OK - Packet loss = 0%, RTA = 0.25 ms
[1504137600] CURRENT HOST STATE: ip-10-0-1-102.us-west-2.compute.internal;UP;HARD;1;PING OK - Packet loss = 0%, RTA = 0.26 ms
[1504137600] CURRENT HOST STATE: ip-10-0-1-11.us-west-2.compute.internal;UP;HARD;1;PING OK - Packet loss = 0%, RTA = 0.25 ms
[1504137600] CURRENT HOST STATE: ip-10-0-1-136.us-west-2.compute.internal;UP;HARD;1;PING OK - Packet loss = 0%, RTA = 0.32 ms
[1504137600] CURRENT HOST STATE: ip-10-0-1-16.us-west-2.compute.internal;UP;HARD;1;PING OK - Packet loss = 0%, RTA = 0.23 ms
[1504137600] CURRENT HOST STATE: ip-10-0-1-165.us-west-2.compute.internal;UP;HARD;1;PING OK - Packet loss = 0%, RTA = 0.23 ms
[1504137600] CURRENT HOST STATE: ip-10-0-1-47.us-west-2.compute.internal;UP;HARD;1;PING OK - Packet loss = 0%, RTA = 0.23 ms
[1504137600] CURRENT HOST STATE: ip-10-0-1-69.us-west-2.compute.internal;UP;HARD;1;PING OK - Packet loss = 0%, RTA = 0.27 ms
[1504137600] CURRENT HOST STATE: ip-10-0-1-89.us-west-2.compute.internal;UP;HARD;1;PING OK - Packet loss = 0%, RTA = 0.25 ms
[1504137600] CURRENT HOST STATE: ip-10-0-2-167.us-west-2.compute.internal;UP;HARD;1;PING OK - Packet loss = 0%, RTA = 0.35 ms
[1504137600] CURRENT HOST STATE: ip-10-0-2-193.us-west-2.compute.internal;UP;HARD;1;PING OK - Packet loss = 0%, RTA = 0.28 ms
[1504137600] CURRENT HOST STATE: ip-10-0-2-46.us-west-2.compute.internal;UP;HARD;1;PING OK - Packet loss = 0%, RTA = 0.26 ms
[1504137600] CURRENT HOST STATE: ip-10-0-2-5.us-west-2.compute.internal;UP;HARD;1;PING OK - Packet loss = 0%, RTA = 0.28 ms
[1504137600] CURRENT HOST STATE: ip-10-0-2-86.us-west-2.compute.internal;UP;HARD;1;PING OK - Packet loss = 0%, RTA = 0.25 ms
[1504137600] CURRENT HOST STATE: ip-10-0-3-196.us-west-2.compute.internal;UP;HARD;1;PING OK - Packet loss = 0%, RTA = 1.78 ms
[1504137600] CURRENT HOST STATE: ip-10-0-3-26.us-west-2.compute.internal;UP;HARD;1;PING OK - Packet loss = 0%, RTA = 0.32 ms
[1504137600] CURRENT HOST STATE: ip-10-0-3-44.us-west-2.compute.internal;UP;HARD;1;PING OK - Packet loss = 0%, RTA = 0.27 ms
[1504137600] CURRENT HOST STATE: ip-10-0-3-54.us-west-2.compute.internal;UP;HARD;1;PING OK - Packet loss = 0%, RTA = 0.28 ms
[1504137600] CURRENT HOST STATE: ip-10-0-3-56.us-west-2.compute.internal;UP;HARD;1;PING OK - Packet loss = 0%, RTA = 0.25 ms
[1504137600] CURRENT HOST STATE: ip-10-0-3-94.us-west-2.compute.internal;UP;HARD;1;PING OK - Packet loss = 0%, RTA = 0.22 ms
[1504137600] CURRENT HOST STATE: ip-10-0-4-98.us-west-2.compute.internal;UP;HARD;1;PING OK - Packet loss = 0%, RTA = 0.23 ms
[1504137600] CURRENT HOST STATE: ip-10-0-5-128.us-west-2.compute.internal;UP;HARD;1;PING OK - Packet loss = 0%, RTA = 0.26 ms
[1504137600] CURRENT HOST STATE: ip-10-0-5-3.us-west-2.compute.internal;UP;HARD;1;PING OK - Packet loss = 0%, RTA = 0.22 ms
[1504137600] CURRENT HOST STATE: ip-10-0-7-103.us-west-2.compute.internal;UP;HARD;1;PING OK - Packet loss = 0%, RTA = 0.22 ms
[1504137600] CURRENT HOST STATE: ip-10-0-7-149.us-west-2.compute.internal;UP;HARD;1;PING OK - Packet loss = 0%, RTA = 0.24 ms
[1504137600] CURRENT HOST STATE: localhost;UP;HARD;1;PING OK - Packet loss = 0%, RTA = 0.03 ms
[1504137600] CURRENT SERVICE STATE: ip-10-0-0-123.us-west-2.compute.internal;Check SSH;OK;HARD;1;SSH OK - OpenSSH_7.3 (protocol 2.0)
[1504137600] CURRENT SERVICE STATE: ip-10-0-0-123.us-west-2.compute.internal;Check Users;OK;HARD;1;USERS OK - 1 users currently logged in
[1504137600] CURRENT SERVICE STATE: ip-10-0-0-123.us-west-2.compute.internal;Check load;OK;HARD;1;OK - load average: 0.02, 0.01, 0.00
[1504137600] CURRENT SERVICE STATE: ip-10-0-0-123.us-west-2.compute.internal;Local Disk;OK;HARD;1;DISK OK - free space: / 96149 MB (96% inode=98%):
[1504137600] CURRENT SERVICE STATE: ip-10-0-0-123.us-west-2.compute.internal;PING;OK;HARD;1;PING OK - Packet loss = 0%, RTA = 0.27 ms
[1504137600] CURRENT SERVICE STATE: ip-10-0-0-123.us-west-2.compute.internal;Total Process;OK;HARD;1;PROCS OK: 83 processes with STATE = RSZDT
[1504137600] CURRENT SERVICE STATE: ip-10-0-0-173.us-west-2.compute.internal;Check SSH;OK;HARD;1;SSH OK - OpenSSH_7.3 (protocol 2.0)
[1504137600] CURRENT SERVICE STATE: ip-10-0-0-173.us-west-2.compute.internal;Check Users;OK;HARD;1;USERS OK - 1 users currently logged in
[1504137600] CURRENT SERVICE STATE: ip-10-0-0-173.us-west-2.compute.internal;Check load;OK;HARD;1;OK - load average: 0.02, 0.01, 0.00
[1504137600] CURRENT SERVICE STATE: ip-10-0-0-173.us-west-2.compute.internal;Local Disk;OK;HARD;1;DISK OK - free space: / 96149 MB (96% inode=98%):
[1504137600] CURRENT SERVICE STATE: ip-10-0-0-173.us-west-2.compute.internal;PING;OK;HARD;1;PING OK - Packet loss = 0%, RTA = 0.28 ms
[1504137600] CURRENT SERVICE STATE: ip-10-0-0-173.us-west-2.compute.internal;Total Process;OK;HARD;1;PROCS OK: 85 processes with STATE = RSZDT
[1504137600] CURRENT SERVICE STATE: ip-10-0-0-235.us-west-2.compute.internal;Check SSH;OK;HARD;1;SSH OK - OpenSSH_7.3 (protocol 2.0)
[1504137600] CURRENT SERVICE STATE: ip-10-0-0-235.us-west-2.compute.internal;Check Users;OK;HARD;1;USERS OK - 1 users currently logged in
[1504137600] CURRENT SERVICE STATE: ip-10-0-0-235.us-west-2.compute.internal;Check load;OK;HARD;1;OK - load average: 0.02, 0.01, 0.00
[1504137600] CURRENT SERVICE STATE: ip-10-0-0-235.us-west-2.compute.internal;Local Disk;OK;HARD;1;DISK OK - free space: / 96149 MB (96% inode=98%):
[1504137600] CURRENT SERVICE STATE: ip-10-0-0-235.us-west-2.compute.internal;PING;OK;HARD;1;PING OK - Packet loss = 0%, RTA = 0.30 ms
[1504137600] CURRENT SERVICE STATE: ip-10-0-0-235.us-west-2.compute.internal;Total Process;OK;HARD;1;PROCS OK: 85 processes with STATE = RSZDT
[1504137600] CURRENT SERVICE STATE: ip-10-0-0-254.us-west-2.compute.internal;Check SSH;OK;HARD;1;SSH OK - OpenSSH_7.3 (protocol 2.0)
[1504137600] CURRENT SERVICE STATE: ip-10-0-0-254.us-west-2.compute.internal;Check Users;OK;HARD;1;USERS OK - 1 users currently logged in
[1504137600] CURRENT SERVICE STATE: ip-10-0-0-254.us-west-2.compute.internal;Check load;OK;HARD;1;OK - load average: 0.02, 0.01, 0.00
[1504137600] CURRENT SERVICE STATE: ip-10-0-0-254.us-west-2.compute.internal;Local Disk;OK;HARD;1;DISK OK - free space: / 96149 MB (96% inode=98%):
[1504137600] CURRENT SERVICE STATE: ip-10-0-0-254.us-west-2.compute.internal;PING;OK;HARD;1;PING OK - Packet loss = 0%, RTA = 0.28 ms
[1504137600] CURRENT SERVICE STATE: ip-10-0-0-254.us-west-2.compute.internal;Total Process;OK;HARD;1;PROCS OK: 86 processes with STATE = RSZDT
[1504137600] CURRENT SERVICE STATE: ip-10-0-0-63.us-west-2.compute.internal;Check SSH;OK;HARD;1;SSH OK - OpenSSH_7.3 (protocol 2.0)
[1504137600] CURRENT SERVICE STATE: ip-10-0-0-63.us-west-2.compute.internal;Check Users;OK;HARD;1;USERS OK - 1 users currently logged in
[1504137600] CURRENT SERVICE STATE: ip-10-0-0-63.us-west-2.compute.internal;Check load;OK;HARD;1;OK - load average: 0.02, 0.01, 0.00
[1504137600] CURRENT SERVICE STATE: ip-10-0-0-63.us-west-2.compute.internal;Local Disk;OK;HARD;1;DISK OK - free space: / 96149 MB (96% inode=98%):
[1504137600] CURRENT SERVICE STATE: ip-10-0-0-63.us-west-2.compute.internal;PING;OK;HARD;1;PING OK - Packet loss = 0%, RTA = 0.28 ms
[1504137600] CURRENT SERVICE STATE: ip-10-0-0-63.us-west-2.compute.internal;Total Process;OK;HARD;1;PROCS OK: 86 processes with STATE = RSZDT
[1504137600] CURRENT SERVICE STATE: ip-10-0-0-65.us-west-2.compute.internal;Check SSH;OK;HARD;1;SSH OK - OpenSSH_7.3 (protocol 2.0)
[1504137600] CURRENT SERVICE STATE: ip-10-0-0-65.us-west-2.compute.internal;Check Users;OK;HARD;1;USERS OK - 1 users currently logged in
[1504137600] CURRENT SERVICE STATE: ip-10-0-0-65.us-west-2.compute.internal;Check load;OK;HARD;1;OK - load average: 0.02, 0.01, 0.00
[1504137600] CURRENT SERVICE STATE: ip-10-0-0-65.us-west-2.compute.internal;Local Disk;OK;HARD;1;DISK OK - free space: / 96149 MB (96% inode=98%):
[1504137600] CURRENT SERVICE STATE: ip-10-0-0-65.us-west-2.compute.internal;PING;OK;HARD;1;PING OK - Packet loss = 0%, RTA = 0.22 ms
[1504137600] CURRENT SERVICE STATE: ip-10-0-0-65.us-west-2.compute.internal;Total Process;OK;HARD;1;PROCS OK: 83 processes with STATE = RSZDT
[1504137600] CURRENT SERVICE STATE: ip-10-0-0-85.us-west-2.compute.internal;Check SSH;OK;HARD;1;SSH OK - OpenSSH_7.3 (protocol 2.0)
[1504137600] CURRENT SERVICE STATE: ip-10-0-0-85.us-west-2.compute.internal;Check Users;OK;HARD;1;USERS OK - 1 users currently logged in
[1504137600] CURRENT SERVICE STATE: ip-10-0-0-85.us-west-2.compute.internal;Check load;OK;HARD;1;OK - load average: 0.02, 0.01, 0.00
[1504137600] CURRENT SERVICE STATE: ip-10-0-0-85.us-west-2.compute.internal;Local Disk;OK;HARD;1;DISK OK - free space: / 96149 MB (96% inode=98%):
[1504137600] CURRENT SERVICE STATE: ip-10-0-0-85.us-west-2.compute.internal;PING;OK;HARD;1;PING OK - Packet loss = 0%, RTA = 0.26 ms
[1504137600] CURRENT SERVICE STATE: ip-10-0-0-85.us-west-2.compute.internal;Total Process;OK;HARD;1;PROCS OK: 83 processes with STATE = RSZDT
[1504137600] CURRENT SERVICE STATE: ip-10-0-1-102.us-west-2.compute.internal;Check SSH;OK;HARD;1;SSH OK - OpenSSH_7.3 (protocol 2.0)
[1504137600] CURRENT SERVICE STATE: ip-10-0-1-102.us-west-2.compute.internal;Check Users;OK;HARD;1;USERS OK - 1 users currently logged in
[1504137600] CURRENT SERVICE STATE: ip-10-0-1-102.us-west-2.compute.internal;Check load;OK;HARD;1;OK - load average: 0.02, 0.01, 0.00
[1504137600] CURRENT SERVICE STATE: ip-10-0-1-102.us-west-2.compute.internal;Local Disk;OK;HARD;1;DISK OK - free space: / 96149 MB (96% inode=98%):
[1504137600] CURRENT SERVICE STATE: ip-10-0-1-102.us-west-2.compute.internal;PING;OK;HARD;1;PING OK - Packet loss = 0%, RTA = 0.23 ms
[1504137600] CURRENT SERVICE STATE: ip-10-0-1-102.us-west-2.compute.internal;Total Process;OK;HARD;1;PROCS OK: 83 processes with STATE = RSZDT
[1504137600] CURRENT SERVICE STATE: ip-10-0-1-11.us-west-2.compute.internal;Check SSH;OK;HARD;1;SSH OK - OpenSSH_7.3 (protocol 2.0)
[1504137600] CURRENT SERVICE STATE: ip-10-0-1-11.us-west-2.compute.internal;Check Users;OK;HARD;1;USERS OK - 1 users currently logged in
[1504137600] CURRENT SERVICE STATE: ip-10-0-1-11.us-west-2.compute.internal;Check load;OK;HARD;1;OK - load average: 0.02, 0.01, 0.00
[1504137600] CURRENT SERVICE STATE: ip-10-0-1-11.us-west-2.compute.internal;Local Disk;OK;HARD;1;DISK OK - free space: / 96149 MB (96% inode=98%):
[1504137600] CURRENT SERVICE STATE: ip-10-0-1-11.us-west-2.compute.internal;PING;OK;HARD;1;PING OK - Packet loss = 0%, RTA = 0.21 ms
[1504137600] CURRENT SERVICE STATE: ip-10-0-1-11.us-west-2.compute.internal;Total Process;OK;HARD;1;PROCS OK: 94 processes with STATE = RSZDT
[1504137600] CURRENT SERVICE STATE: ip-10-0-1-136.us-west-2.compute.internal;Check SSH;OK;HARD;1;SSH OK - OpenSSH_7.3 (protocol 2.0)
[1504137600] CURRENT SERVICE STATE: ip-10-0-1-136.us-west-2.compute.internal;Check Users;OK;HARD;1;USERS OK - 1 users currently logged in
[1504137600] CURRENT SERVICE STATE: ip-10-0-1-136.us-west-2.compute.internal;Check load;OK;HARD;1;OK - load average: 0.02, 0.01, 0.00
[1504137600] CURRENT SERVICE STATE: ip-10-0-1-136.us-west-2.compute.internal;Local Disk;OK;HARD;1;DISK OK - free space: / 96149 MB (96% inode=98%):
[1504137600] CURRENT SERVICE STATE: ip-10-0-1-136.us-west-2.compute.internal;PING;OK;HARD;1;PING OK - Packet loss = 0%, RTA = 0.28 ms
[1504137600] CURRENT SERVICE STATE: ip-10-0-1-136.us-west-2.compute.internal;Total Process;OK;HARD;1;PROCS OK: 81 processes with STATE = RSZDT
[1504137600] CURRENT SERVICE STATE: ip-10-0-1-16.us-west-2.compute.internal;Check SSH;OK;HARD;1;SSH OK - OpenSSH_7.3 (protocol 2.0)
[1504137600] CURRENT SERVICE STATE: ip-10-0-1-16.us-west-2.compute.internal;Check Users;OK;HARD;1;USERS OK - 1 users currently logged in
[1504137600] CURRENT SERVICE STATE: ip-10-0-1-16.us-west-2.compute.internal;Check load;OK;HARD;1;OK - load average: 0.02, 0.01, 0.00
[1504137600] CURRENT SERVICE STATE: ip-10-0-1-16.us-west-2.compute.internal;Local Disk;OK;HARD;1;DISK OK - free space: / 96149 MB (96% inode=98%):
[1504137600] CURRENT SERVICE STATE: ip-10-0-1-16.us-west-2.compute.internal;PING;OK;HARD;1;PING OK - Packet loss = 0%, RTA = 0.23 ms
[1504137600] CURRENT SERVICE STATE: ip-10-0-1-16.us-west-2.compute.internal;Total Process;OK;HARD;1;PROCS OK: 81 processes with STATE = RSZDT
[1504137600] CURRENT SERVICE STATE: ip-10-0-1-165.us-west-2.compute.internal;Check SSH;OK;HARD;1;SSH OK - OpenSSH_7.3 (protocol 2.0)
[1504137600] CURRENT SERVICE STATE: ip-10-0-1-165.us-west-2.compute.internal;Check Users;OK;HARD;1;USERS OK - 1 users currently logged in
[1504137600] CURRENT SERVICE STATE: ip-10-0-1-165.us-west-2.compute.internal;Check load;OK;HARD;1;OK - load average: 0.02, 0.01, 0.00
[1504137600] CURRENT SERVICE STATE: ip-10-0-1-165.us-west-2.compute.internal;Local Disk;OK;HARD;1;DISK OK - free space: / 96149 MB (96% inode=98%):
[1504137600] CURRENT SERVICE STATE: ip-10-0-1-165.us-west-2.compute.internal;PING;OK;HARD;1;PING OK - Packet loss = 0%, RTA = 0.22 ms
[1504137600] CURRENT SERVICE STATE: ip-10-0-1-165.us-west-2.compute.internal;Total Process;OK;HARD;1;PROCS OK: 91 processes with STATE = RSZDT
[1504137600] CURRENT SERVICE STATE: ip-10-0-1-47.us-west-2.compute.internal;Check SSH;OK;HARD;1;SSH OK - OpenSSH_7.3 (protocol 2.0)
[1504137600] CURRENT SERVICE STATE: ip-10-0-1-47.us-west-2.compute.internal;Check Users;OK;HARD;1;USERS OK - 1 users currently logged in
[1504137600] CURRENT SERVICE STATE: ip-10-0-1-47.us-west-2.compute.internal;Check load;OK;HARD;1;OK - load average: 0.02, 0.01, 0.00
[1504137600] CURRENT SERVICE STATE: ip-10-0-1-47.us-west-2.compute.internal;Local Disk;OK;HARD;1;DISK OK - free space: / 96149 MB (96% inode=98%):
[1504137600] CURRENT SERVICE STATE: ip-10-0-1-47.us-west-2.compute.internal;PING;OK;HARD;1;PING OK - Packet loss = 0%, RTA = 0.24 ms
[1504137600] CURRENT SERVICE STATE: ip-10-0-1-47.us-west-2.compute.internal;Total Process;OK;HARD;1;PROCS OK: 83 processes with STATE = RSZDT
[1504137600] CURRENT SERVICE STATE: ip-10-0-1-69.us-west-2.compute.internal;Check SSH;OK;HARD;1;SSH OK - OpenSSH_7.3 (protocol 2.0)
[1504137600] CURRENT SERVICE STATE: ip-10-0-1-69.us-west-2.compute.internal;Check Users;OK;HARD;1;USERS OK - 1 users currently logged in
[1504137600] CURRENT SERVICE STATE: ip-10-0-1-69.us-west-2.compute.internal;Check load;OK;HARD;1;OK - load average: 0.02, 0.01, 0.00
[1504137600] CURRENT SERVICE STATE: ip-10-0-1-69.us-west-2.compute.internal;Local Disk;OK;HARD;1;DISK OK - free space: / 96149 MB (96% inode=98%):
[1504137600] CURRENT SERVICE STATE: ip-10-0-1-69.us-west-2.compute.internal;PING;OK;HARD;1;PING OK - Packet loss = 0%, RTA = 0.32 ms
[1504137600] CURRENT SERVICE STATE: ip-10-0-1-69.us-west-2.compute.internal;Total Process;OK;HARD;1;PROCS OK: 84 processes with STATE = RSZDT
[1504137600] CURRENT SERVICE STATE: ip-10-0-1-89.us-west-2.compute.internal;Check SSH;OK;HARD;1;SSH OK - OpenSSH_7.3 (protocol 2.0)
[1504137600] CURRENT SERVICE STATE: ip-10-0-1-89.us-west-2.compute.internal;Check Users;OK;HARD;1;USERS OK - 1 users currently logged in
[1504137600] CURRENT SERVICE STATE: ip-10-0-1-89.us-west-2.compute.internal;Check load;OK;HARD;1;OK - load average: 0.02, 0.01, 0.00
[1504137600] CURRENT SERVICE STATE: ip-10-0-1-89.us-west-2.compute.internal;Local Disk;OK;HARD;1;DISK OK - free space: / 96149 MB (96% inode=98%):
[1504137600] CURRENT SERVICE STATE: ip-10-0-1-89.us-west-2.compute.internal;PING;OK;HARD;1;PING OK - Packet loss = 0%, RTA = 0.23 ms
[1504137600] CURRENT SERVICE STATE: ip-10-0-1-89.us-west-2.compute.internal;Total Process;OK;HARD;1;PROCS OK: 91 processes with STATE = RSZDT
[1504137600] CURRENT SERVICE STATE: ip-10-0-2-167.us-west-2.compute.internal;Check SSH;OK;HARD;1;SSH OK - OpenSSH_7.3 (protocol 2.0)
[1504137600] CURRENT SERVICE STATE: ip-10-0-2-167.us-west-2.compute.internal;Check Users;OK;HARD;1;USERS OK - 1 users currently logged in
[1504137600] CURRENT SERVICE STATE: ip-10-0-2-167.us-west-2.compute.internal;Check load;OK;HARD;1;OK - load average: 0.02, 0.01, 0.00
[1504137600] CURRENT SERVICE STATE: ip-10-0-2-167.us-west-2.compute.internal;Local Disk;OK;HARD;1;DISK OK - free space: / 96149 MB (96% inode=98%):
[1504137600] CURRENT SERVICE STATE: ip-10-0-2-167.us-west-2.compute.internal;PING;OK;HARD;1;PING OK - Packet loss = 0%, RTA = 0.24 ms
[1504137600] CURRENT SERVICE STATE: ip-10-0-2-167.us-west-2.compute.internal;Total Process;OK;HARD;1;PROCS OK: 83 processes with STATE = RSZDT
[1504137600] CURRENT SERVICE STATE: ip-10-0-2-193.us-west-2.compute.internal;Check SSH;OK;HARD;1;SSH OK - OpenSSH_7.3 (protocol 2.0)
[1504137600] CURRENT SERVICE STATE: ip-10-0-2-193.us-west-2.compute.internal;Check Users;OK;HARD;1;USERS OK - 1 users currently logged in
[1504137600] CURRENT SERVICE STATE: ip-10-0-2-193.us-west-2.compute.internal;Check load;OK;HARD;1;OK - load average: 0.02, 0.01, 0.00
[1504137600] CURRENT SERVICE STATE: ip-10-0-2-193.us-west-2.compute.internal;Local Disk;OK;HARD;1;DISK OK - free space: / 96149 MB (96% inode=98%):
[1504137600] CURRENT SERVICE STATE: ip-10-0-2-193.us-west-2.compute.internal;PING;OK;HARD;1;PING OK - Packet loss = 0%, RTA = 0.27 ms
[1504137600] CURRENT SERVICE STATE: ip-10-0-2-193.us-west-2.compute.internal;Total Process;OK;HARD;1;PROCS OK: 84 processes with STATE = RSZDT
[1504137600] CURRENT SERVICE STATE: ip-10-0-2-46.us-west-2.compute.internal;Check SSH;OK;HARD;1;SSH OK - OpenSSH_7.3 (protocol 2.0)
[1504137600] CURRENT SERVICE STATE: ip-10-0-2-46.us-west-2.compute.internal;Check Users;OK;HARD;1;USERS OK - 1 users currently logged in
[1504137600] CURRENT SERVICE STATE: ip-10-0-2-46.us-west-2.compute.internal;Check load;OK;HARD;1;OK - load average: 0.02, 0.01, 0.00
[1504137600] CURRENT SERVICE STATE: ip-10-0-2-46.us-west-2.compute.internal;Local Disk;OK;HARD;1;DISK OK - free space: / 96149 MB (96% inode=98%):
[1504137600] CURRENT SERVICE STATE: ip-10-0-2-46.us-west-2.compute.internal;PING;OK;HARD;1;PING OK - Packet loss = 0%, RTA = 0.23 ms
[1504137600] CURRENT SERVICE STATE: ip-10-0-2-46.us-west-2.compute.internal;Total Process;OK;HARD;1;PROCS OK: 93 processes with STATE = RSZDT
[1504137600] CURRENT SERVICE STATE: ip-10-0-2-5.us-west-2.compute.internal;Check SSH;OK;HARD;1;SSH OK - OpenSSH_7.3 (protocol 2.0)
[1504137600] CURRENT SERVICE STATE: ip-10-0-2-5.us-west-2.compute.internal;Check Users;OK;HARD;1;USERS OK - 1 users currently logged in
[1504137600] CURRENT SERVICE STATE: ip-10-0-2-5.us-west-2.compute.internal;Check load;OK;HARD;1;OK - load average: 0.02, 0.01, 0.00
[1504137600] CURRENT SERVICE STATE: ip-10-0-2-5.us-west-2.compute.internal;Local Disk;OK;HARD;1;DISK OK - free space: / 96149 MB (96% inode=98%):
[1504137600] CURRENT SERVICE STATE: ip-10-0-2-5.us-west-2.compute.internal;PING;OK;HARD;1;PING OK - Packet loss = 0%, RTA = 0.28 ms
[1504137600] CURRENT SERVICE STATE: ip-10-0-2-5.us-west-2.compute.internal;Total Process;OK;HARD;1;PROCS OK: 81 processes with STATE = RSZDT
[1504137600] CURRENT SERVICE STATE: ip-10-0-2-86.us-west-2.compute.internal;Check SSH;OK;HARD;1;SSH OK - OpenSSH_7.3 (protocol 2.0)
[1504137600] CURRENT SERVICE STATE: ip-10-0-2-86.us-west-2.compute.internal;Check Users;OK;HARD;1;USERS OK - 1 users currently logged in
[1504137600] CURRENT SERVICE STATE: ip-10-0-2-86.us-west-2.compute.internal;Check load;OK;HARD;1;OK - load average: 0.02, 0.01, 0.00
[1504137600] CURRENT SERVICE STATE: ip-10-0-2-86.us-west-2.compute.internal;Local Disk;OK;HARD;1;DISK OK - free space: / 96149 MB (96% inode=98%):
[1504137600] CURRENT SERVICE STATE: ip-10-0-2-86.us-west-2.compute.internal;PING;OK;HARD;1;PING OK - Packet loss = 0%, RTA = 0.22 ms
[1504137600] CURRENT SERVICE STATE: ip-10-0-2-86.us-west-2.compute.internal;Total Process;OK;HARD;1;PROCS OK: 81 processes with STATE = RSZDT
[1504137600] CURRENT SERVICE STATE: ip-10-0-3-196.us-west-2.compute.internal;Check SSH;OK;HARD;1;SSH OK - OpenSSH_7.3 (protocol 2.0)
[1504137600] CURRENT SERVICE STATE: ip-10-0-3-196.us-west-2.compute.internal;Check Users;OK;HARD;1;USERS OK - 1 users currently logged in
[1504137600] CURRENT SERVICE STATE: ip-10-0-3-196.us-west-2.compute.internal;Check load;OK;HARD;1;OK - load average: 0.02, 0.01, 0.00
[1504137600] CURRENT SERVICE STATE: ip-10-0-3-196.us-west-2.compute.internal;Local Disk;OK;HARD;1;DISK OK - free space: / 96149 MB (96% inode=98%):
[1504137600] CURRENT SERVICE STATE: ip-10-0-3-196.us-west-2.compute.internal;PING;OK;HARD;1;PING OK - Packet loss = 0%, RTA = 1.93 ms
[1504137600] CURRENT SERVICE STATE: ip-10-0-3-196.us-west-2.compute.internal;Total Process;OK;HARD;1;PROCS OK: 84 processes with STATE = RSZDT
[1504137600] CURRENT SERVICE STATE: ip-10-0-3-26.us-west-2.compute.internal;Check SSH;OK;HARD;1;SSH OK - OpenSSH_7.3 (protocol 2.0)
[1504137600] CURRENT SERVICE STATE: ip-10-0-3-26.us-west-2.compute.internal;Check Users;OK;HARD;1;USERS OK - 1 users currently logged in
[1504137600] CURRENT SERVICE STATE: ip-10-0-3-26.us-west-2.compute.internal;Check load;OK;HARD;1;OK - load average: 0.02, 0.01, 0.00
[1504137600] CURRENT SERVICE STATE: ip-10-0-3-26.us-west-2.compute.internal;Local Disk;OK;HARD;1;DISK OK - free space: / 96149 MB (96% inode=98%):
[1504137600] CURRENT SERVICE STATE: ip-10-0-3-26.us-west-2.compute.internal;PING;OK;HARD;1;PING OK - Packet loss = 0%, RTA = 0.28 ms
[1504137600] CURRENT SERVICE STATE: ip-10-0-3-26.us-west-2.compute.internal;Total Process;OK;HARD;1;PROCS OK: 85 processes with STATE = RSZDT
[1504137600] CURRENT SERVICE STATE: ip-10-0-3-44.us-west-2.compute.internal;Check SSH;OK;HARD;1;SSH OK - OpenSSH_7.3 (protocol 2.0)
[1504137600] CURRENT SERVICE STATE: ip-10-0-3-44.us-west-2.compute.internal;Check Users;OK;HARD;1;USERS OK - 1 users currently logged in
[1504137600] CURRENT SERVICE STATE: ip-10-0-3-44.us-west-2.compute.internal;Check load;OK;HARD;1;OK - load average: 0.02, 0.01, 0.00
[1504137600] CURRENT SERVICE STATE: ip-10-0-3-44.us-west-2.compute.internal;Local Disk;OK;HARD;1;DISK OK - free space: / 96149 MB (96% inode=98%):
[1504137600] CURRENT SERVICE STATE: ip-10-0-3-44.us-west-2.compute.internal;PING;OK;HARD;1;PING OK - Packet loss = 0%, RTA = 0.25 ms
[1504137600] CURRENT SERVICE STATE: ip-10-0-3-44.us-west-2.compute.internal;Total Process;OK;HARD;1;PROCS OK: 81 processes with STATE = RSZDT
[1504137600] CURRENT SERVICE STATE: ip-10-0-3-54.us-west-2.compute.internal;Check SSH;OK;HARD;1;SSH OK - OpenSSH_7.3 (protocol 2.0)
[1504137600] CURRENT SERVICE STATE: ip-10-0-3-54.us-west-2.compute.internal;Check Users;OK;HARD;1;USERS OK - 1 users currently logged in
[1504137600] CURRENT SERVICE STATE: ip-10-0-3-54.us-west-2.compute.internal;Check load;OK;HARD;1;OK - load average: 0.02, 0.01, 0.00
[1504137600] CURRENT SERVICE STATE: ip-10-0-3-54.us-west-2.compute.internal;Local Disk;OK;HARD;1;DISK OK - free space: / 96149 MB (96% inode=98%):
[1504137600] CURRENT SERVICE STATE: ip-10-0-3-54.us-west-2.compute.internal;PING;OK;HARD;1;PING OK - Packet loss = 0%, RTA = 0.29 ms
[1504137600] CURRENT SERVICE STATE: ip-10-0-3-54.us-west-2.compute.internal;Total Process;OK;HARD;1;PROCS OK: 83 processes with STATE = RSZDT
[1504137600] CURRENT SERVICE STATE: ip-10-0-3-56.us-west-2.compute.internal;Check SSH;OK;HARD;1;SSH OK - OpenSSH_7.3 (protocol 2.0)
[1504137600] CURRENT SERVICE STATE: ip-10-0-3-56.us-west-2.compute.internal;Check Users;OK;HARD;1;USERS OK - 1 users currently logged in
[1504137600] CURRENT SERVICE STATE: ip-10-0-3-56.us-west-2.compute.internal;Check load;OK;HARD;1;OK - load average: 0.02, 0.01, 0.00
[1504137600] CURRENT SERVICE STATE: ip-10-0-3-56.us-west-2.compute.internal;Local Disk;OK;HARD;1;DISK OK - free space: / 96149 MB (96% inode=98%):
[1504137600] CURRENT SERVICE STATE: ip-10-0-3-56.us-west-2.compute.internal;PING;OK;HARD;1;PING OK - Packet loss = 0%, RTA = 0.23 ms
[1504137600] CURRENT SERVICE STATE: ip-10-0-3-56.us-west-2.compute.internal;Total Process;OK;HARD;1;PROCS OK: 84 processes with STATE = RSZDT
[1504137600] CURRENT SERVICE STATE: ip-10-0-3-94.us-west-2.compute.internal;Check SSH;OK;HARD;1;SSH OK - OpenSSH_7.3 (protocol 2.0)
[1504137600] CURRENT SERVICE STATE: ip-10-0-3-94.us-west-2.compute.internal;Check Users;OK;HARD;1;USERS OK - 1 users currently logged in
[1504137600] CURRENT SERVICE STATE: ip-10-0-3-94.us-west-2.compute.internal;Check load;OK;HARD;1;OK - load average: 0.02, 0.01, 0.00
[1504137600] CURRENT SERVICE STATE: ip-10-0-3-94.us-west-2.compute.internal;Local Disk;OK;HARD;1;DISK OK - free space: / 96149 MB (96% inode=98%):
[1504137600] CURRENT SERVICE STATE: ip-10-0-3-94.us-west-2.compute.internal;PING;OK;HARD;1;PING OK - Packet loss = 0%, RTA = 0.25 ms
[1504137600] CURRENT SERVICE STATE: ip-10-0-3-94.us-west-2.compute.internal;Total Process;OK;HARD;1;PROCS OK: 95 processes with STATE = RSZDT
[1504137600] CURRENT SERVICE STATE: ip-10-0-4-98.us-west-2.compute.internal;Check SSH;OK;HARD;1;SSH OK - OpenSSH_7.3 (protocol 2.0)
[1504137600] CURRENT SERVICE STATE: ip-10-0-4-98.us-west-2.compute.internal;Check Users;OK;HARD;1;USERS OK - 1 users currently logged in
[1504137600] CURRENT SERVICE STATE: ip-10-0-4-98.us-west-2.compute.internal;Local Disk;OK;HARD;1;DISK OK - free space: / 96149 MB (96% inode=98%):
[1504137600] CURRENT SERVICE STATE: ip-10-0-4-98.us-west-2.compute.internal;PING;OK;HARD;1;PING OK - Packet loss = 0%, RTA = 0.26 ms
[1504137600] CURRENT SERVICE STATE: ip-10-0-4-98.us-west-2.compute.internal;Total Process;OK;HARD;1;PROCS OK: 91 processes with STATE = RSZDT
[1504137600] CURRENT SERVICE STATE: ip-10-0-5-128.us-west-2.compute.internal;Check SSH;OK;HARD;1;SSH OK - OpenSSH_7.3 (protocol 2.0)
[1504137600] CURRENT SERVICE STATE: ip-10-0-5-128.us-west-2.compute.internal;Check Users;OK;HARD;1;USERS OK - 1 users currently logged in
[1504137600] CURRENT SERVICE STATE: ip-10-0-5-128.us-west-2.compute.internal;Check load;OK;HARD;1;OK - load average: 0.00, 0.00, 0.00
[1504137600] CURRENT SERVICE STATE: ip-10-0-5-128.us-west-2.compute.internal;Local Disk;OK;HARD;1;DISK OK - free space: / 96149 MB (96% inode=98%):
[1504137600] CURRENT SERVICE STATE: ip-10-0-5-128.us-west-2.compute.internal;PING;OK;HARD;1;PING OK - Packet loss = 0%, RTA = 0.24 ms
[1504137600] CURRENT SERVICE STATE: ip-10-0-5-128.us-west-2.compute.internal;Total Process;OK;HARD;1;PROCS OK: 94 processes with STATE = RSZDT
[1504137600] CURRENT SERVICE STATE: ip-10-0-5-3.us-west-2.compute.internal;Check SSH;OK;HARD;1;SSH OK - OpenSSH_7.3 (protocol 2.0)
[1504137600] CURRENT SERVICE STATE: ip-10-0-5-3.us-west-2.compute.internal;Check Users;OK;HARD;1;USERS OK - 1 users currently logged in
[1504137600] CURRENT SERVICE STATE: ip-10-0-5-3.us-west-2.compute.internal;Local Disk;OK;HARD;1;DISK OK - free space: / 96149 MB (96% inode=98%):
[1504137600] CURRENT SERVICE STATE: ip-10-0-5-3.us-west-2.compute.internal;PING;OK;HARD;1;PING OK - Packet loss = 0%, RTA = 0.20 ms
[1504137600] CURRENT SERVICE STATE: ip-10-0-5-3.us-west-2.compute.internal;Total Process;OK;HARD;1;PROCS OK: 83 processes with STATE = RSZDT
[1504137600] CURRENT SERVICE STATE: ip-10-0-7-103.us-west-2.compute.internal;Check SSH;OK;HARD;1;SSH OK - OpenSSH_7.3 (protocol 2.0)
[1504137600] CURRENT SERVICE STATE: ip-10-0-7-103.us-west-2.compute.internal;Check Users;OK;HARD;1;USERS OK - 1 users currently logged in
[1504137600] CURRENT SERVICE STATE: ip-10-0-7-103.us-west-2.compute.internal;Local Disk;OK;HARD;1;DISK OK - free space: / 96149 MB (96% inode=98%):
[1504137600] CURRENT SERVICE STATE: ip-10-0-7-103.us-west-2.compute.internal;PING;OK;HARD;1;PING OK - Packet loss = 0%, RTA = 0.27 ms
[1504137600] CURRENT SERVICE STATE: ip-10-0-7-103.us-west-2.compute.internal;Total Process;OK;HARD;1;PROCS OK: 83 processes with STATE = RSZDT
[1504137600] CURRENT SERVICE STATE: ip-10-0-7-149.us-west-2.compute.internal;Check SSH;OK;HARD;1;SSH OK - OpenSSH_7.3 (protocol 2.0)
[1504137600] CURRENT SERVICE STATE: ip-10-0-7-149.us-west-2.compute.internal;Check Users;OK;HARD;1;USERS OK - 1 users currently logged in
[1504137600] CURRENT SERVICE STATE: ip-10-0-7-149.us-west-2.compute.internal;Local Disk;OK;HARD;1;DISK OK - free space: / 96149 MB (96% inode=98%):
[1504137600] CURRENT SERVICE STATE: ip-10-0-7-149.us-west-2.compute.internal;Mesos Activated Slaves;OK;HARD;1;OK: Mesos cluster 'dcosqa' activated_slaves=22
[1504137600] CURRENT SERVICE STATE: ip-10-0-7-149.us-west-2.compute.internal;PING;OK;HARD;1;PING OK - Packet loss = 0%, RTA = 0.25 ms
[1504137600] CURRENT SERVICE STATE: ip-10-0-7-149.us-west-2.compute.internal;Total Mesos CPUS;OK;HARD;1;OK: Mesos metrics: allocator/mesos/resources/cpus/total=88
[1504137600] CURRENT SERVICE STATE: ip-10-0-7-149.us-west-2.compute.internal;Total Process;OK;HARD;1;PROCS OK: 92 processes with STATE = RSZDT
[1504137600] CURRENT SERVICE STATE: localhost;Current Load;OK;HARD;1;OK - load average: 0.00, 0.00, 0.00
[1504137600] CURRENT SERVICE STATE: localhost;Current Users;OK;HARD;1;USERS OK - 1 users currently logged in
[1504137600] CURRENT SERVICE STATE: localhost;HTTP;OK;HARD;1;HTTP OK: HTTP/1.1 200 OK - 11595 bytes in 0.000 second response time
[1504137600] CURRENT SERVICE STATE: localhost;PING;OK;HARD;1;PING OK - Packet loss = 0%, RTA = 0.03 ms
[1504137600] CURRENT SERVICE STATE: localhost;Root Partition;OK;HARD;1;DISK OK - free space: / 96149 MB (96% inode=98%):
[1504137600] CURRENT SERVICE STATE: localhost;SSH;OK;HARD;1;SSH OK - OpenSSH_7.2p2 Ubuntu-4ubuntu2.2 (protocol 2.0)
[1504137600] CURRENT SERVICE STATE: localhost;Swap Usage;CRITICAL;HARD;4;SWAP CRITICAL - 0% free (0 MB out of 0 MB) - Swap is either disabled, not present, or of zero size.
[1504137600] CURRENT SERVICE STATE: localhost;Total Processes;OK;HARD;1;PROCS OK: 83 processes with STATE = RSZDT
[1504138982] Auto-save of retention data completed successfully.
[1504139398] SERVICE NOTIFICATION: nagiosadmin;localhost;Swap Usage;CRITICAL;notify-service-by-email;SWAP CRITICAL - 0% free (0 MB out of 0 MB) - Swap is either disabled, not present, or of zero size.
[1504139398] SERVICE NOTIFICATION: Bala;localhost;Swap Usage;CRITICAL;notify-service-by-email;SWAP CRITICAL - 0% free (0 MB out of 0 MB) - Swap is either disabled, not present, or of zero size.
[1504142582] Auto-save of retention data completed successfully.
[1504143297] SERVICE NOTIFICATION: nagiosadmin;localhost;Swap Usage;CRITICAL;notify-service-by-email;SWAP CRITICAL - 0% free (0 MB out of 0 MB) - Swap is either disabled, not present, or of zero size.
[1504143297] SERVICE NOTIFICATION: Bala;localhost;Swap Usage;CRITICAL;notify-service-by-email;SWAP CRITICAL - 0% free (0 MB out of 0 MB) - Swap is either disabled, not present, or of zero size.
[1504146182] Auto-save of retention data completed successfully.
[1504146897] SERVICE NOTIFICATION: nagiosadmin;localhost;Swap Usage;CRITICAL;notify-service-by-email;SWAP CRITICAL - 0% free (0 MB out of 0 MB) - Swap is either disabled, not present, or of zero size.
[1504146897] SERVICE NOTIFICATION: Bala;localhost;Swap Usage;CRITICAL;notify-service-by-email;SWAP CRITICAL - 0% free (0 MB out of 0 MB) - Swap is either disabled, not present, or of zero size.
[1504149782] Auto-save of retention data completed successfully.
[1504150796] SERVICE NOTIFICATION: nagiosadmin;localhost;Swap Usage;CRITICAL;notify-service-by-email;SWAP CRITICAL - 0% free (0 MB out of 0 MB) - Swap is either disabled, not present, or of zero size.
[1504150796] SERVICE NOTIFICATION: Bala;localhost;Swap Usage;CRITICAL;notify-service-by-email;SWAP CRITICAL - 0% free (0 MB out of 0 MB) - Swap is either disabled, not present, or of zero size.
[1504150826] wproc: Core Worker 1612: job 4165 (pid=11928) timed out. Killing it
[1504150827] wproc: NOTIFY job 4165 from worker Core Worker 1612 timed out after 31.01s
[1504150827] wproc:   host=localhost; service=Swap Usage; contact=nagiosadmin
[1504150827] wproc:   early_timeout=1; exited_ok=0; wait_status=0; error_code=62;
[1504150827] wproc:   stdout line 01: dharama.rao@hcl.com... Connecting to [127.0.0.1] via relay...
[1504150827] wproc:   stdout line 02: 220 ip-10-0-5-161.us-west-2.compute.internal ESMTP Sendmail 8.15.2/8.15.2/Debian-3; Thu, 31 Aug 2017 03:39:57 GMT; (No UCE/UBE) logging access from: localhost(OK)-localhost [127.0.0.1]
[1504150827] wproc:   stdout line 03: >>> EHLO ip-10-0-5-161.us-west-2.compute.internal
[1504150827] wproc:   stdout line 04: 250-ip-10-0-5-161.us-west-2.compute.internal Hello localhost [127.0.0.1], pleased to meet you
[1504150827] wproc:   stdout line 05: 250-ENHANCEDSTATUSCODES
[1504150827] wproc:   stdout line 06: 250-PIPELINING
[1504150827] wproc:   stdout line 07: 250-EXPN
[1504150827] wproc:   stdout line 08: 250-VERB
[1504150827] wproc:   stdout line 09: 250-8BITMIME
[1504150827] wproc:   stdout line 10: 250-SIZE
[1504150827] wproc:   stdout line 11: 250-DSN
[1504150827] wproc:   stdout line 12: 250-ETRN
[1504150827] wproc:   stdout line 13: 250-AUTH DIGEST-MD5 CRAM-MD5
[1504150827] wproc:   stdout line 14: 250-DELIVERBY
[1504150827] wproc:   stdout line 15: 250 HELP
[1504150827] wproc:   stdout line 16: >>> VERB
[1504150827] wproc:   stdout line 17: 250 2.0.0 Verbose mode
[1504150827] wproc:   stdout line 18: >>> MAIL From:<nagios@ip-10-0-5-161.us-west-2.compute.internal> SIZE=345 AUTH=nagios@ip-10-0-5-161.us-west-2.compute.internal
[1504150827] wproc:   stdout line 19: 250 2.1.0 <nagios@ip-10-0-5-161.us-west-2.compute.internal>... Sender ok
[1504150827] wproc:   stdout line 20: >>> RCPT To:<dharama.rao@hcl.com>
[1504150827] wproc:   stdout line 21: >>> DATA
[1504150827] wproc:   stdout line 22: 250 2.1.5 <dharama.rao@hcl.com>... Recipient ok
[1504150827] wproc:   stdout line 23: 354 Enter mail, end with "." on a line by itself
[1504150827] wproc:   stdout line 24: >>> .
[1504150827] Warning: Notifying contact 'nagiosadmin' of service 'Swap Usage' on host 'localhost' by command '/usr/bin/printf "%b" "Subject: PROBLEM Service Alert: localhost/Swap Usage is CRITICAL\n\n***** Nagios *****\n\nNotification Type: PROBLEM\n\nService: Swap Usage\nHost: localhost\nAddress: 127.0.0.1\nState: CRITICAL\n\nDate/Time: Thu Aug 31 03:39:56 UTC 2017\n\nAdditional Info:\n\nSWAP CRITICAL - 0% free (0 MB out of 0 MB) - Swap is either disabled, not present, or of zero size.\n" | /usr/sbin/sendmail -vt dharama.rao@hcl.com' timed out after 0.00 seconds
[1504150827] wproc: Core Worker 1612: job 4165 (pid=11928): Dormant child reaped
[1504153382] Auto-save of retention data completed successfully.
[1504154396] SERVICE NOTIFICATION: nagiosadmin;localhost;Swap Usage;CRITICAL;notify-service-by-email;SWAP CRITICAL - 0% free (0 MB out of 0 MB) - Swap is either disabled, not present, or of zero size.
[1504154396] SERVICE NOTIFICATION: Bala;localhost;Swap Usage;CRITICAL;notify-service-by-email;SWAP CRITICAL - 0% free (0 MB out of 0 MB) - Swap is either disabled, not present, or of zero size.
[1504156982] Auto-save of retention data completed successfully.
[1504158295] SERVICE NOTIFICATION: nagiosadmin;localhost;Swap Usage;CRITICAL;notify-service-by-email;SWAP CRITICAL - 0% free (0 MB out of 0 MB) - Swap is either disabled, not present, or of zero size.
[1504158295] SERVICE NOTIFICATION: Bala;localhost;Swap Usage;CRITICAL;notify-service-by-email;SWAP CRITICAL - 0% free (0 MB out of 0 MB) - Swap is either disabled, not present, or of zero size.
[1504160582] Auto-save of retention data completed successfully.
[1504161895] SERVICE NOTIFICATION: nagiosadmin;localhost;Swap Usage;CRITICAL;notify-service-by-email;SWAP CRITICAL - 0% free (0 MB out of 0 MB) - Swap is either disabled, not present, or of zero size.
[1504161895] SERVICE NOTIFICATION: Bala;localhost;Swap Usage;CRITICAL;notify-service-by-email;SWAP CRITICAL - 0% free (0 MB out of 0 MB) - Swap is either disabled, not present, or of zero size.
[1504164182] Auto-save of retention data completed successfully.
[1504165794] SERVICE NOTIFICATION: nagiosadmin;localhost;Swap Usage;CRITICAL;notify-service-by-email;SWAP CRITICAL - 0% free (0 MB out of 0 MB) - Swap is either disabled, not present, or of zero size.
[1504165794] SERVICE NOTIFICATION: Bala;localhost;Swap Usage;CRITICAL;notify-service-by-email;SWAP CRITICAL - 0% free (0 MB out of 0 MB) - Swap is either disabled, not present, or of zero size.
[1504167782] Auto-save of retention data completed successfully.
[1504169394] SERVICE NOTIFICATION: nagiosadmin;localhost;Swap Usage;CRITICAL;notify-service-by-email;SWAP CRITICAL - 0% free (0 MB out of 0 MB) - Swap is either disabled, not present, or of zero size.
[1504169394] SERVICE NOTIFICATION: Bala;localhost;Swap Usage;CRITICAL;notify-service-by-email;SWAP CRITICAL - 0% free (0 MB out of 0 MB) - Swap is either disabled, not present, or of zero size.
[1504171382] Auto-save of retention data completed successfully.
[1504173293] SERVICE NOTIFICATION: nagiosadmin;localhost;Swap Usage;CRITICAL;notify-service-by-email;SWAP CRITICAL - 0% free (0 MB out of 0 MB) - Swap is either disabled, not present, or of zero size.
[1504173293] SERVICE NOTIFICATION: Bala;localhost;Swap Usage;CRITICAL;notify-service-by-email;SWAP CRITICAL - 0% free (0 MB out of 0 MB) - Swap is either disabled, not present, or of zero size.
[1504174982] Auto-save of retention data completed successfully.
[1504176893] SERVICE NOTIFICATION: nagiosadmin;localhost;Swap Usage;CRITICAL;notify-service-by-email;SWAP CRITICAL - 0% free (0 MB out of 0 MB) - Swap is either disabled, not present, or of zero size.
[1504176893] SERVICE NOTIFICATION: Bala;localhost;Swap Usage;CRITICAL;notify-service-by-email;SWAP CRITICAL - 0% free (0 MB out of 0 MB) - Swap is either disabled, not present, or of zero size.
[1504178582] Auto-save of retention data completed successfully.
[1504180792] SERVICE NOTIFICATION: nagiosadmin;localhost;Swap Usage;CRITICAL;notify-service-by-email;SWAP CRITICAL - 0% free (0 MB out of 0 MB) - Swap is either disabled, not present, or of zero size.
[1504180792] SERVICE NOTIFICATION: Bala;localhost;Swap Usage;CRITICAL;notify-service-by-email;SWAP CRITICAL - 0% free (0 MB out of 0 MB) - Swap is either disabled, not present, or of zero size.
[1504182182] Auto-save of retention data completed successfully.
[1504184392] SERVICE NOTIFICATION: nagiosadmin;localhost;Swap Usage;CRITICAL;notify-service-by-email;SWAP CRITICAL - 0% free (0 MB out of 0 MB) - Swap is either disabled, not present, or of zero size.
[1504184392] SERVICE NOTIFICATION: Bala;localhost;Swap Usage;CRITICAL;notify-service-by-email;SWAP CRITICAL - 0% free (0 MB out of 0 MB) - Swap is either disabled, not present, or of zero size.
[1504185782] Auto-save of retention data completed successfully.
[1504188290] SERVICE NOTIFICATION: nagiosadmin;localhost;Swap Usage;CRITICAL;notify-service-by-email;SWAP CRITICAL - 0% free (0 MB out of 0 MB) - Swap is either disabled, not present, or of zero size.
[1504188290] SERVICE NOTIFICATION: Bala;localhost;Swap Usage;CRITICAL;notify-service-by-email;SWAP CRITICAL - 0% free (0 MB out of 0 MB) - Swap is either disabled, not present, or of zero size.
[1504189382] Auto-save of retention data completed successfully.
[1504191890] SERVICE NOTIFICATION: nagiosadmin;localhost;Swap Usage;CRITICAL;notify-service-by-email;SWAP CRITICAL - 0% free (0 MB out of 0 MB) - Swap is either disabled, not present, or of zero size.
[1504191890] SERVICE NOTIFICATION: Bala;localhost;Swap Usage;CRITICAL;notify-service-by-email;SWAP CRITICAL - 0% free (0 MB out of 0 MB) - Swap is either disabled, not present, or of zero size.
[1504192982] Auto-save of retention data completed successfully.
[1504195789] SERVICE NOTIFICATION: nagiosadmin;localhost;Swap Usage;CRITICAL;notify-service-by-email;SWAP CRITICAL - 0% free (0 MB out of 0 MB) - Swap is either disabled, not present, or of zero size.
[1504195789] SERVICE NOTIFICATION: Bala;localhost;Swap Usage;CRITICAL;notify-service-by-email;SWAP CRITICAL - 0% free (0 MB out of 0 MB) - Swap is either disabled, not present, or of zero size.
[1504196582] Auto-save of retention data completed successfully.
[1504199389] SERVICE NOTIFICATION: nagiosadmin;localhost;Swap Usage;CRITICAL;notify-service-by-email;SWAP CRITICAL - 0% free (0 MB out of 0 MB) - Swap is either disabled, not present, or of zero size.
[1504199389] SERVICE NOTIFICATION: Bala;localhost;Swap Usage;CRITICAL;notify-service-by-email;SWAP CRITICAL - 0% free (0 MB out of 0 MB) - Swap is either disabled, not present, or of zero size.
[1504200182] Auto-save of retention data completed successfully.
[1504203288] SERVICE NOTIFICATION: nagiosadmin;localhost;Swap Usage;CRITICAL;notify-service-by-email;SWAP CRITICAL - 0% free (0 MB out of 0 MB) - Swap is either disabled, not present, or of zero size.
[1504203288] SERVICE NOTIFICATION: Bala;localhost;Swap Usage;CRITICAL;notify-service-by-email;SWAP CRITICAL - 0% free (0 MB out of 0 MB) - Swap is either disabled, not present, or of zero size.
[1504203782] Auto-save of retention data completed successfully.
[1504206888] SERVICE NOTIFICATION: nagiosadmin;localhost;Swap Usage;CRITICAL;notify-service-by-email;SWAP CRITICAL - 0% free (0 MB out of 0 MB) - Swap is either disabled, not present, or of zero size.
[1504206888] SERVICE NOTIFICATION: Bala;localhost;Swap Usage;CRITICAL;notify-service-by-email;SWAP CRITICAL - 0% free (0 MB out of 0 MB) - Swap is either disabled, not present, or of zero size.
[1504207309] SERVICE ALERT: ip-10-0-2-86.us-west-2.compute.internal;Check SSH;CRITICAL;SOFT;1;Server answer:
[1504207365] SERVICE ALERT: ip-10-0-2-86.us-west-2.compute.internal;PING;CRITICAL;SOFT;1;PING CRITICAL - Packet loss = 70%, RTA = 0.25 ms
[1504207382] Auto-save of retention data completed successfully.
[1504207429] SERVICE ALERT: ip-10-0-2-86.us-west-2.compute.internal;Check SSH;OK;SOFT;2;SSH OK - OpenSSH_7.3 (protocol 2.0)
[1504207479] SERVICE ALERT: ip-10-0-2-86.us-west-2.compute.internal;PING;OK;SOFT;2;PING OK - Packet loss = 0%, RTA = 0.23 ms
[1504210787] SERVICE NOTIFICATION: nagiosadmin;localhost;Swap Usage;CRITICAL;notify-service-by-email;SWAP CRITICAL - 0% free (0 MB out of 0 MB) - Swap is either disabled, not present, or of zero size.
[1504210787] SERVICE NOTIFICATION: Bala;localhost;Swap Usage;CRITICAL;notify-service-by-email;SWAP CRITICAL - 0% free (0 MB out of 0 MB) - Swap is either disabled, not present, or of zero size.
[1504210982] Auto-save of retention data completed successfully.
[1504214387] SERVICE NOTIFICATION: nagiosadmin;localhost;Swap Usage;CRITICAL;notify-service-by-email;SWAP CRITICAL - 0% free (0 MB out of 0 MB) - Swap is either disabled, not present, or of zero size.
[1504214387] SERVICE NOTIFICATION: Bala;localhost;Swap Usage;CRITICAL;notify-service-by-email;SWAP CRITICAL - 0% free (0 MB out of 0 MB) - Swap is either disabled, not present, or of zero size.
[1504214582] Auto-save of retention data completed successfully.
[1504217987] SERVICE NOTIFICATION: nagiosadmin;localhost;Swap Usage;CRITICAL;notify-service-by-email;SWAP CRITICAL - 0% free (0 MB out of 0 MB) - Swap is either disabled, not present, or of zero size.
[1504217987] SERVICE NOTIFICATION: Bala;localhost;Swap Usage;CRITICAL;notify-service-by-email;SWAP CRITICAL - 0% free (0 MB out of 0 MB) - Swap is either disabled, not present, or of zero size.
[1504218182] Auto-save of retention data completed successfully.
[1504221587] SERVICE NOTIFICATION: nagiosadmin;localhost;Swap Usage;CRITICAL;notify-service-by-email;SWAP CRITICAL - 0% free (0 MB out of 0 MB) - Swap is either disabled, not present, or of zero size.
[1504221587] SERVICE NOTIFICATION: Bala;localhost;Swap Usage;CRITICAL;notify-service-by-email;SWAP CRITICAL - 0% free (0 MB out of 0 MB) - Swap is either disabled, not present, or of zero size.
[1504221782] Auto-save of retention data completed successfully.
